{"C:\\Users\\ADMIN-PC\\Downloads\\annuairepro-fullstack\\annuaire\\backend\\src\\controllers\\adminController.js": {"path":"C:\\Users\\ADMIN-PC\\Downloads\\annuairepro-fullstack\\annuaire\\backend\\src\\controllers\\adminController.js","statementMap":{"0":{"start":{"line":1,"column":25},"end":{"line":1,"column":50}},"1":{"start":{"line":2,"column":15},"end":{"line":2,"column":33}},"2":{"start":{"line":4,"column":0},"end":{"line":14,"column":2}},"3":{"start":{"line":5,"column":86},"end":{"line":11,"column":4}},"4":{"start":{"line":13,"column":2},"end":{"line":13,"column":90}},"5":{"start":{"line":16,"column":0},"end":{"line":23,"column":2}},"6":{"start":{"line":17,"column":19},"end":{"line":21,"column":4}},"7":{"start":{"line":22,"column":2},"end":{"line":22,"column":21}},"8":{"start":{"line":25,"column":0},"end":{"line":47,"column":2}},"9":{"start":{"line":26,"column":17},"end":{"line":26,"column":27}},"10":{"start":{"line":27,"column":21},"end":{"line":27,"column":29}},"11":{"start":{"line":29,"column":20},"end":{"line":34,"column":3}},"12":{"start":{"line":36,"column":22},"end":{"line":36,"column":39}},"13":{"start":{"line":38,"column":18},"end":{"line":44,"column":4}},"14":{"start":{"line":46,"column":2},"end":{"line":46,"column":20}},"15":{"start":{"line":49,"column":0},"end":{"line":65,"column":2}},"16":{"start":{"line":50,"column":31},"end":{"line":50,"column":40}},"17":{"start":{"line":51,"column":16},"end":{"line":51,"column":82}},"18":{"start":{"line":53,"column":25},"end":{"line":62,"column":4}},"19":{"start":{"line":64,"column":2},"end":{"line":64,"column":29}},"20":{"start":{"line":67,"column":0},"end":{"line":74,"column":2}},"21":{"start":{"line":68,"column":19},"end":{"line":68,"column":27}},"22":{"start":{"line":69,"column":15},"end":{"line":72,"column":4}},"23":{"start":{"line":73,"column":2},"end":{"line":73,"column":17}},"24":{"start":{"line":79,"column":4},"end":{"line":79,"column":44}},"25":{"start":{"line":83,"column":0},"end":{"line":104,"column":2}},"26":{"start":{"line":84,"column":2},"end":{"line":103,"column":3}},"27":{"start":{"line":85,"column":29},"end":{"line":98,"column":6}},"28":{"start":{"line":99,"column":4},"end":{"line":99,"column":33}},"29":{"start":{"line":101,"column":4},"end":{"line":101,"column":57}},"30":{"start":{"line":102,"column":4},"end":{"line":102,"column":54}},"31":{"start":{"line":106,"column":0},"end":{"line":111,"column":2}},"32":{"start":{"line":107,"column":2},"end":{"line":110,"column":65}},"33":{"start":{"line":108,"column":18},"end":{"line":108,"column":64}},"34":{"start":{"line":109,"column":4},"end":{"line":109,"column":20}},"35":{"start":{"line":110,"column":18},"end":{"line":110,"column":63}},"36":{"start":{"line":113,"column":0},"end":{"line":118,"column":2}},"37":{"start":{"line":114,"column":2},"end":{"line":117,"column":65}},"38":{"start":{"line":115,"column":18},"end":{"line":115,"column":78}},"39":{"start":{"line":116,"column":4},"end":{"line":116,"column":20}},"40":{"start":{"line":117,"column":18},"end":{"line":117,"column":63}},"41":{"start":{"line":120,"column":0},"end":{"line":125,"column":2}},"42":{"start":{"line":121,"column":2},"end":{"line":124,"column":65}},"43":{"start":{"line":122,"column":18},"end":{"line":122,"column":51}},"44":{"start":{"line":123,"column":4},"end":{"line":123,"column":20}},"45":{"start":{"line":124,"column":18},"end":{"line":124,"column":63}},"46":{"start":{"line":127,"column":0},"end":{"line":132,"column":2}},"47":{"start":{"line":128,"column":2},"end":{"line":131,"column":65}},"48":{"start":{"line":129,"column":18},"end":{"line":129,"column":65}},"49":{"start":{"line":130,"column":4},"end":{"line":130,"column":20}},"50":{"start":{"line":131,"column":18},"end":{"line":131,"column":63}},"51":{"start":{"line":136,"column":0},"end":{"line":145,"column":2}},"52":{"start":{"line":137,"column":2},"end":{"line":144,"column":70}},"53":{"start":{"line":138,"column":26},"end":{"line":142,"column":6}},"54":{"start":{"line":143,"column":4},"end":{"line":143,"column":28}},"55":{"start":{"line":144,"column":18},"end":{"line":144,"column":68}},"56":{"start":{"line":147,"column":0},"end":{"line":152,"column":2}},"57":{"start":{"line":148,"column":2},"end":{"line":151,"column":65}},"58":{"start":{"line":149,"column":18},"end":{"line":149,"column":67}},"59":{"start":{"line":150,"column":4},"end":{"line":150,"column":20}},"60":{"start":{"line":151,"column":18},"end":{"line":151,"column":63}},"61":{"start":{"line":154,"column":0},"end":{"line":159,"column":2}},"62":{"start":{"line":155,"column":2},"end":{"line":158,"column":65}},"63":{"start":{"line":156,"column":18},"end":{"line":156,"column":81}},"64":{"start":{"line":157,"column":4},"end":{"line":157,"column":20}},"65":{"start":{"line":158,"column":18},"end":{"line":158,"column":63}}},"fnMap":{"0":{"name":"(anonymous_0)","decl":{"start":{"line":4,"column":19},"end":{"line":4,"column":20}},"loc":{"start":{"line":4,"column":39},"end":{"line":14,"column":1}},"line":4},"1":{"name":"(anonymous_1)","decl":{"start":{"line":16,"column":29},"end":{"line":16,"column":30}},"loc":{"start":{"line":16,"column":49},"end":{"line":23,"column":1}},"line":16},"2":{"name":"(anonymous_2)","decl":{"start":{"line":25,"column":26},"end":{"line":25,"column":27}},"loc":{"start":{"line":25,"column":46},"end":{"line":47,"column":1}},"line":25},"3":{"name":"(anonymous_3)","decl":{"start":{"line":49,"column":22},"end":{"line":49,"column":23}},"loc":{"start":{"line":49,"column":42},"end":{"line":65,"column":1}},"line":49},"4":{"name":"(anonymous_4)","decl":{"start":{"line":67,"column":25},"end":{"line":67,"column":26}},"loc":{"start":{"line":67,"column":45},"end":{"line":74,"column":1}},"line":67},"5":{"name":"(anonymous_5)","decl":{"start":{"line":83,"column":26},"end":{"line":83,"column":27}},"loc":{"start":{"line":83,"column":46},"end":{"line":104,"column":1}},"line":83},"6":{"name":"(anonymous_6)","decl":{"start":{"line":106,"column":23},"end":{"line":106,"column":24}},"loc":{"start":{"line":106,"column":43},"end":{"line":111,"column":1}},"line":106},"7":{"name":"(anonymous_7)","decl":{"start":{"line":113,"column":22},"end":{"line":113,"column":23}},"loc":{"start":{"line":113,"column":42},"end":{"line":118,"column":1}},"line":113},"8":{"name":"(anonymous_8)","decl":{"start":{"line":120,"column":23},"end":{"line":120,"column":24}},"loc":{"start":{"line":120,"column":43},"end":{"line":125,"column":1}},"line":120},"9":{"name":"(anonymous_9)","decl":{"start":{"line":127,"column":22},"end":{"line":127,"column":23}},"loc":{"start":{"line":127,"column":42},"end":{"line":132,"column":1}},"line":127},"10":{"name":"(anonymous_10)","decl":{"start":{"line":136,"column":34},"end":{"line":136,"column":35}},"loc":{"start":{"line":136,"column":54},"end":{"line":145,"column":1}},"line":136},"11":{"name":"(anonymous_11)","decl":{"start":{"line":147,"column":30},"end":{"line":147,"column":31}},"loc":{"start":{"line":147,"column":50},"end":{"line":152,"column":1}},"line":147},"12":{"name":"(anonymous_12)","decl":{"start":{"line":154,"column":29},"end":{"line":154,"column":30}},"loc":{"start":{"line":154,"column":49},"end":{"line":159,"column":1}},"line":154}},"branchMap":{"0":{"loc":{"start":{"line":41,"column":14},"end":{"line":41,"column":44}},"type":"binary-expr","locations":[{"start":{"line":41,"column":14},"end":{"line":41,"column":31}},{"start":{"line":41,"column":35},"end":{"line":41,"column":44}}],"line":41},"1":{"loc":{"start":{"line":42,"column":18},"end":{"line":42,"column":46}},"type":"binary-expr","locations":[{"start":{"line":42,"column":18},"end":{"line":42,"column":37}},{"start":{"line":42,"column":41},"end":{"line":42,"column":46}}],"line":42},"2":{"loc":{"start":{"line":50,"column":10},"end":{"line":50,"column":18}},"type":"default-arg","locations":[{"start":{"line":50,"column":17},"end":{"line":50,"column":18}}],"line":50},"3":{"loc":{"start":{"line":51,"column":16},"end":{"line":51,"column":82}},"type":"cond-expr","locations":[{"start":{"line":51,"column":25},"end":{"line":51,"column":77}},{"start":{"line":51,"column":80},"end":{"line":51,"column":82}}],"line":51}},"s":{"0":0,"1":0,"2":0,"3":0,"4":0,"5":0,"6":0,"7":0,"8":0,"9":0,"10":0,"11":0,"12":0,"13":0,"14":0,"15":0,"16":0,"17":0,"18":0,"19":0,"20":0,"21":0,"22":0,"23":0,"24":0,"25":0,"26":0,"27":0,"28":0,"29":0,"30":0,"31":0,"32":0,"33":0,"34":0,"35":0,"36":0,"37":0,"38":0,"39":0,"40":0,"41":0,"42":0,"43":0,"44":0,"45":0,"46":0,"47":0,"48":0,"49":0,"50":0,"51":0,"52":0,"53":0,"54":0,"55":0,"56":0,"57":0,"58":0,"59":0,"60":0,"61":0,"62":0,"63":0,"64":0,"65":0},"f":{"0":0,"1":0,"2":0,"3":0,"4":0,"5":0,"6":0,"7":0,"8":0,"9":0,"10":0,"11":0,"12":0},"b":{"0":[0,0],"1":[0,0],"2":[0],"3":[0,0]}}
,"C:\\Users\\ADMIN-PC\\Downloads\\annuairepro-fullstack\\annuaire\\backend\\src\\controllers\\authController.js": {"path":"C:\\Users\\ADMIN-PC\\Downloads\\annuairepro-fullstack\\annuaire\\backend\\src\\controllers\\authController.js","statementMap":{"0":{"start":{"line":1,"column":15},"end":{"line":1,"column":34}},"1":{"start":{"line":2,"column":12},"end":{"line":2,"column":35}},"2":{"start":{"line":3,"column":15},"end":{"line":3,"column":32}},"3":{"start":{"line":4,"column":14},"end":{"line":4,"column":28}},"4":{"start":{"line":5,"column":25},"end":{"line":5,"column":50}},"5":{"start":{"line":6,"column":76},"end":{"line":6,"column":111}},"6":{"start":{"line":8,"column":15},"end":{"line":8,"column":33}},"7":{"start":{"line":10,"column":23},"end":{"line":17,"column":2}},"8":{"start":{"line":19,"column":20},"end":{"line":22,"column":2}},"9":{"start":{"line":24,"column":23},"end":{"line":36,"column":1}},"10":{"start":{"line":25,"column":22},"end":{"line":29,"column":3}},"11":{"start":{"line":30,"column":23},"end":{"line":34,"column":3}},"12":{"start":{"line":35,"column":2},"end":{"line":35,"column":39}},"13":{"start":{"line":38,"column":0},"end":{"line":95,"column":2}},"14":{"start":{"line":39,"column":2},"end":{"line":94,"column":3}},"15":{"start":{"line":40,"column":17},"end":{"line":40,"column":47}},"16":{"start":{"line":42,"column":24},"end":{"line":42,"column":86}},"17":{"start":{"line":43,"column":4},"end":{"line":43,"column":82}},"18":{"start":{"line":43,"column":21},"end":{"line":43,"column":82}},"19":{"start":{"line":45,"column":4},"end":{"line":48,"column":5}},"20":{"start":{"line":46,"column":26},"end":{"line":46,"column":88}},"21":{"start":{"line":47,"column":6},"end":{"line":47,"column":98}},"22":{"start":{"line":47,"column":23},"end":{"line":47,"column":98}},"23":{"start":{"line":50,"column":25},"end":{"line":50,"column":61}},"24":{"start":{"line":51,"column":30},"end":{"line":51,"column":68}},"25":{"start":{"line":52,"column":31},"end":{"line":52,"column":73}},"26":{"start":{"line":54,"column":4},"end":{"line":78,"column":7}},"27":{"start":{"line":80,"column":4},"end":{"line":84,"column":5}},"28":{"start":{"line":81,"column":6},"end":{"line":81,"column":65}},"29":{"start":{"line":83,"column":6},"end":{"line":83,"column":61}},"30":{"start":{"line":86,"column":4},"end":{"line":89,"column":7}},"31":{"start":{"line":91,"column":4},"end":{"line":91,"column":84}},"32":{"start":{"line":91,"column":33},"end":{"line":91,"column":84}},"33":{"start":{"line":92,"column":4},"end":{"line":92,"column":23}},"34":{"start":{"line":93,"column":4},"end":{"line":93,"column":54}},"35":{"start":{"line":97,"column":0},"end":{"line":124,"column":2}},"36":{"start":{"line":98,"column":20},"end":{"line":98,"column":29}},"37":{"start":{"line":99,"column":2},"end":{"line":99,"column":71}},"38":{"start":{"line":99,"column":14},"end":{"line":99,"column":71}},"39":{"start":{"line":101,"column":2},"end":{"line":123,"column":3}},"40":{"start":{"line":102,"column":17},"end":{"line":102,"column":114}},"41":{"start":{"line":103,"column":4},"end":{"line":103,"column":87}},"42":{"start":{"line":103,"column":15},"end":{"line":103,"column":87}},"43":{"start":{"line":104,"column":4},"end":{"line":104,"column":122}},"44":{"start":{"line":104,"column":46},"end":{"line":104,"column":122}},"45":{"start":{"line":105,"column":4},"end":{"line":105,"column":90}},"46":{"start":{"line":105,"column":28},"end":{"line":105,"column":90}},"47":{"start":{"line":107,"column":4},"end":{"line":110,"column":7}},"48":{"start":{"line":112,"column":4},"end":{"line":112,"column":91}},"49":{"start":{"line":112,"column":10},"end":{"line":112,"column":80}},"50":{"start":{"line":114,"column":42},"end":{"line":114,"column":62}},"51":{"start":{"line":115,"column":4},"end":{"line":120,"column":7}},"52":{"start":{"line":122,"column":4},"end":{"line":122,"column":54}},"53":{"start":{"line":126,"column":0},"end":{"line":144,"column":2}},"54":{"start":{"line":127,"column":20},"end":{"line":127,"column":28}},"55":{"start":{"line":128,"column":2},"end":{"line":128,"column":69}},"56":{"start":{"line":128,"column":14},"end":{"line":128,"column":69}},"57":{"start":{"line":130,"column":2},"end":{"line":143,"column":3}},"58":{"start":{"line":131,"column":17},"end":{"line":131,"column":67}},"59":{"start":{"line":132,"column":4},"end":{"line":132,"column":85}},"60":{"start":{"line":132,"column":15},"end":{"line":132,"column":85}},"61":{"start":{"line":133,"column":4},"end":{"line":133,"column":90}},"62":{"start":{"line":133,"column":28},"end":{"line":133,"column":90}},"63":{"start":{"line":135,"column":30},"end":{"line":135,"column":68}},"64":{"start":{"line":136,"column":31},"end":{"line":136,"column":73}},"65":{"start":{"line":138,"column":4},"end":{"line":138,"column":106}},"66":{"start":{"line":139,"column":4},"end":{"line":139,"column":58}},"67":{"start":{"line":140,"column":4},"end":{"line":140,"column":61}},"68":{"start":{"line":142,"column":4},"end":{"line":142,"column":58}},"69":{"start":{"line":146,"column":0},"end":{"line":181,"column":2}},"70":{"start":{"line":147,"column":2},"end":{"line":180,"column":3}},"71":{"start":{"line":148,"column":37},"end":{"line":148,"column":64}},"72":{"start":{"line":150,"column":20},"end":{"line":150,"column":88}},"73":{"start":{"line":151,"column":17},"end":{"line":154,"column":6}},"74":{"start":{"line":156,"column":4},"end":{"line":156,"column":81}},"75":{"start":{"line":156,"column":15},"end":{"line":156,"column":81}},"76":{"start":{"line":158,"column":18},"end":{"line":158,"column":67}},"77":{"start":{"line":159,"column":4},"end":{"line":159,"column":82}},"78":{"start":{"line":159,"column":16},"end":{"line":159,"column":82}},"79":{"start":{"line":161,"column":4},"end":{"line":161,"column":101}},"80":{"start":{"line":161,"column":43},"end":{"line":161,"column":101}},"81":{"start":{"line":163,"column":4},"end":{"line":169,"column":5}},"82":{"start":{"line":164,"column":6},"end":{"line":168,"column":9}},"83":{"start":{"line":171,"column":42},"end":{"line":171,"column":62}},"84":{"start":{"line":172,"column":4},"end":{"line":176,"column":7}},"85":{"start":{"line":178,"column":4},"end":{"line":178,"column":84}},"86":{"start":{"line":178,"column":33},"end":{"line":178,"column":84}},"87":{"start":{"line":179,"column":4},"end":{"line":179,"column":54}},"88":{"start":{"line":183,"column":0},"end":{"line":195,"column":2}},"89":{"start":{"line":184,"column":27},"end":{"line":184,"column":35}},"90":{"start":{"line":185,"column":2},"end":{"line":185,"column":78}},"91":{"start":{"line":185,"column":21},"end":{"line":185,"column":78}},"92":{"start":{"line":186,"column":2},"end":{"line":194,"column":3}},"93":{"start":{"line":187,"column":20},"end":{"line":187,"column":68}},"94":{"start":{"line":188,"column":17},"end":{"line":188,"column":76}},"95":{"start":{"line":189,"column":4},"end":{"line":189,"column":81}},"96":{"start":{"line":189,"column":15},"end":{"line":189,"column":81}},"97":{"start":{"line":190,"column":54},"end":{"line":190,"column":74}},"98":{"start":{"line":191,"column":4},"end":{"line":191,"column":56}},"99":{"start":{"line":193,"column":4},"end":{"line":193,"column":54}},"100":{"start":{"line":197,"column":0},"end":{"line":212,"column":2}},"101":{"start":{"line":198,"column":15},"end":{"line":209,"column":4}},"102":{"start":{"line":210,"column":2},"end":{"line":210,"column":79}},"103":{"start":{"line":210,"column":13},"end":{"line":210,"column":79}},"104":{"start":{"line":211,"column":2},"end":{"line":211,"column":17}},"105":{"start":{"line":214,"column":0},"end":{"line":233,"column":2}},"106":{"start":{"line":215,"column":20},"end":{"line":215,"column":28}},"107":{"start":{"line":216,"column":2},"end":{"line":216,"column":69}},"108":{"start":{"line":216,"column":14},"end":{"line":216,"column":69}},"109":{"start":{"line":218,"column":2},"end":{"line":232,"column":3}},"110":{"start":{"line":219,"column":17},"end":{"line":219,"column":67}},"111":{"start":{"line":220,"column":4},"end":{"line":220,"column":90}},"112":{"start":{"line":220,"column":15},"end":{"line":220,"column":90}},"113":{"start":{"line":222,"column":23},"end":{"line":222,"column":61}},"114":{"start":{"line":223,"column":29},"end":{"line":223,"column":66}},"115":{"start":{"line":225,"column":4},"end":{"line":225,"column":97}},"116":{"start":{"line":226,"column":4},"end":{"line":226,"column":52}},"117":{"start":{"line":228,"column":4},"end":{"line":228,"column":72}},"118":{"start":{"line":230,"column":4},"end":{"line":230,"column":57}},"119":{"start":{"line":231,"column":4},"end":{"line":231,"column":54}},"120":{"start":{"line":235,"column":0},"end":{"line":255,"column":2}},"121":{"start":{"line":236,"column":30},"end":{"line":236,"column":38}},"122":{"start":{"line":237,"column":2},"end":{"line":237,"column":98}},"123":{"start":{"line":237,"column":27},"end":{"line":237,"column":98}},"124":{"start":{"line":238,"column":2},"end":{"line":238,"column":121}},"125":{"start":{"line":238,"column":27},"end":{"line":238,"column":121}},"126":{"start":{"line":240,"column":2},"end":{"line":254,"column":3}},"127":{"start":{"line":241,"column":17},"end":{"line":241,"column":79}},"128":{"start":{"line":242,"column":4},"end":{"line":242,"column":87}},"129":{"start":{"line":242,"column":15},"end":{"line":242,"column":87}},"130":{"start":{"line":243,"column":4},"end":{"line":243,"column":128}},"131":{"start":{"line":243,"column":44},"end":{"line":243,"column":128}},"132":{"start":{"line":245,"column":25},"end":{"line":245,"column":56}},"133":{"start":{"line":246,"column":4},"end":{"line":249,"column":7}},"134":{"start":{"line":251,"column":4},"end":{"line":251,"column":67}},"135":{"start":{"line":253,"column":4},"end":{"line":253,"column":54}},"136":{"start":{"line":257,"column":0},"end":{"line":268,"column":2}},"137":{"start":{"line":258,"column":20},"end":{"line":258,"column":29}},"138":{"start":{"line":259,"column":2},"end":{"line":259,"column":85}},"139":{"start":{"line":259,"column":14},"end":{"line":259,"column":85}},"140":{"start":{"line":261,"column":2},"end":{"line":267,"column":3}},"141":{"start":{"line":262,"column":17},"end":{"line":262,"column":79}},"142":{"start":{"line":263,"column":4},"end":{"line":263,"column":87}},"143":{"start":{"line":263,"column":53},"end":{"line":263,"column":87}},"144":{"start":{"line":264,"column":4},"end":{"line":264,"column":49}},"145":{"start":{"line":266,"column":4},"end":{"line":266,"column":43}}},"fnMap":{"0":{"name":"(anonymous_0)","decl":{"start":{"line":24,"column":23},"end":{"line":24,"column":24}},"loc":{"start":{"line":24,"column":33},"end":{"line":36,"column":1}},"line":24},"1":{"name":"(anonymous_1)","decl":{"start":{"line":38,"column":19},"end":{"line":38,"column":20}},"loc":{"start":{"line":38,"column":39},"end":{"line":95,"column":1}},"line":38},"2":{"name":"(anonymous_2)","decl":{"start":{"line":97,"column":22},"end":{"line":97,"column":23}},"loc":{"start":{"line":97,"column":42},"end":{"line":124,"column":1}},"line":97},"3":{"name":"(anonymous_3)","decl":{"start":{"line":126,"column":29},"end":{"line":126,"column":30}},"loc":{"start":{"line":126,"column":49},"end":{"line":144,"column":1}},"line":126},"4":{"name":"(anonymous_4)","decl":{"start":{"line":146,"column":16},"end":{"line":146,"column":17}},"loc":{"start":{"line":146,"column":36},"end":{"line":181,"column":1}},"line":146},"5":{"name":"(anonymous_5)","decl":{"start":{"line":183,"column":18},"end":{"line":183,"column":19}},"loc":{"start":{"line":183,"column":38},"end":{"line":195,"column":1}},"line":183},"6":{"name":"(anonymous_6)","decl":{"start":{"line":197,"column":13},"end":{"line":197,"column":14}},"loc":{"start":{"line":197,"column":33},"end":{"line":212,"column":1}},"line":197},"7":{"name":"(anonymous_7)","decl":{"start":{"line":214,"column":25},"end":{"line":214,"column":26}},"loc":{"start":{"line":214,"column":45},"end":{"line":233,"column":1}},"line":214},"8":{"name":"(anonymous_8)","decl":{"start":{"line":235,"column":24},"end":{"line":235,"column":25}},"loc":{"start":{"line":235,"column":44},"end":{"line":255,"column":1}},"line":235},"9":{"name":"(anonymous_9)","decl":{"start":{"line":257,"column":29},"end":{"line":257,"column":30}},"loc":{"start":{"line":257,"column":49},"end":{"line":268,"column":1}},"line":257}},"branchMap":{"0":{"loc":{"start":{"line":43,"column":4},"end":{"line":43,"column":82}},"type":"if","locations":[{"start":{"line":43,"column":4},"end":{"line":43,"column":82}},{"start":{},"end":{}}],"line":43},"1":{"loc":{"start":{"line":45,"column":4},"end":{"line":48,"column":5}},"type":"if","locations":[{"start":{"line":45,"column":4},"end":{"line":48,"column":5}},{"start":{},"end":{}}],"line":45},"2":{"loc":{"start":{"line":47,"column":6},"end":{"line":47,"column":98}},"type":"if","locations":[{"start":{"line":47,"column":6},"end":{"line":47,"column":98}},{"start":{},"end":{}}],"line":47},"3":{"loc":{"start":{"line":57,"column":15},"end":{"line":57,"column":33}},"type":"binary-expr","locations":[{"start":{"line":57,"column":15},"end":{"line":57,"column":25}},{"start":{"line":57,"column":29},"end":{"line":57,"column":33}}],"line":57},"4":{"loc":{"start":{"line":67,"column":19},"end":{"line":67,"column":37}},"type":"binary-expr","locations":[{"start":{"line":67,"column":19},"end":{"line":67,"column":29}},{"start":{"line":67,"column":33},"end":{"line":67,"column":37}}],"line":67},"5":{"loc":{"start":{"line":91,"column":4},"end":{"line":91,"column":84}},"type":"if","locations":[{"start":{"line":91,"column":4},"end":{"line":91,"column":84}},{"start":{},"end":{}}],"line":91},"6":{"loc":{"start":{"line":99,"column":2},"end":{"line":99,"column":71}},"type":"if","locations":[{"start":{"line":99,"column":2},"end":{"line":99,"column":71}},{"start":{},"end":{}}],"line":99},"7":{"loc":{"start":{"line":103,"column":4},"end":{"line":103,"column":87}},"type":"if","locations":[{"start":{"line":103,"column":4},"end":{"line":103,"column":87}},{"start":{},"end":{}}],"line":103},"8":{"loc":{"start":{"line":104,"column":4},"end":{"line":104,"column":122}},"type":"if","locations":[{"start":{"line":104,"column":4},"end":{"line":104,"column":122}},{"start":{},"end":{}}],"line":104},"9":{"loc":{"start":{"line":105,"column":4},"end":{"line":105,"column":90}},"type":"if","locations":[{"start":{"line":105,"column":4},"end":{"line":105,"column":90}},{"start":{},"end":{}}],"line":105},"10":{"loc":{"start":{"line":112,"column":45},"end":{"line":112,"column":78}},"type":"binary-expr","locations":[{"start":{"line":112,"column":45},"end":{"line":112,"column":70}},{"start":{"line":112,"column":74},"end":{"line":112,"column":78}}],"line":112},"11":{"loc":{"start":{"line":128,"column":2},"end":{"line":128,"column":69}},"type":"if","locations":[{"start":{"line":128,"column":2},"end":{"line":128,"column":69}},{"start":{},"end":{}}],"line":128},"12":{"loc":{"start":{"line":132,"column":4},"end":{"line":132,"column":85}},"type":"if","locations":[{"start":{"line":132,"column":4},"end":{"line":132,"column":85}},{"start":{},"end":{}}],"line":132},"13":{"loc":{"start":{"line":133,"column":4},"end":{"line":133,"column":90}},"type":"if","locations":[{"start":{"line":133,"column":4},"end":{"line":133,"column":90}},{"start":{},"end":{}}],"line":133},"14":{"loc":{"start":{"line":150,"column":20},"end":{"line":150,"column":88}},"type":"binary-expr","locations":[{"start":{"line":150,"column":20},"end":{"line":150,"column":59}},{"start":{"line":150,"column":63},"end":{"line":150,"column":88}}],"line":150},"15":{"loc":{"start":{"line":152,"column":13},"end":{"line":152,"column":68}},"type":"cond-expr","locations":[{"start":{"line":152,"column":23},"end":{"line":152,"column":44}},{"start":{"line":152,"column":47},"end":{"line":152,"column":68}}],"line":152},"16":{"loc":{"start":{"line":156,"column":4},"end":{"line":156,"column":81}},"type":"if","locations":[{"start":{"line":156,"column":4},"end":{"line":156,"column":81}},{"start":{},"end":{}}],"line":156},"17":{"loc":{"start":{"line":159,"column":4},"end":{"line":159,"column":82}},"type":"if","locations":[{"start":{"line":159,"column":4},"end":{"line":159,"column":82}},{"start":{},"end":{}}],"line":159},"18":{"loc":{"start":{"line":161,"column":4},"end":{"line":161,"column":101}},"type":"if","locations":[{"start":{"line":161,"column":4},"end":{"line":161,"column":101}},{"start":{},"end":{}}],"line":161},"19":{"loc":{"start":{"line":163,"column":4},"end":{"line":169,"column":5}},"type":"if","locations":[{"start":{"line":163,"column":4},"end":{"line":169,"column":5}},{"start":{},"end":{}}],"line":163},"20":{"loc":{"start":{"line":178,"column":4},"end":{"line":178,"column":84}},"type":"if","locations":[{"start":{"line":178,"column":4},"end":{"line":178,"column":84}},{"start":{},"end":{}}],"line":178},"21":{"loc":{"start":{"line":185,"column":2},"end":{"line":185,"column":78}},"type":"if","locations":[{"start":{"line":185,"column":2},"end":{"line":185,"column":78}},{"start":{},"end":{}}],"line":185},"22":{"loc":{"start":{"line":189,"column":4},"end":{"line":189,"column":81}},"type":"if","locations":[{"start":{"line":189,"column":4},"end":{"line":189,"column":81}},{"start":{},"end":{}}],"line":189},"23":{"loc":{"start":{"line":210,"column":2},"end":{"line":210,"column":79}},"type":"if","locations":[{"start":{"line":210,"column":2},"end":{"line":210,"column":79}},{"start":{},"end":{}}],"line":210},"24":{"loc":{"start":{"line":216,"column":2},"end":{"line":216,"column":69}},"type":"if","locations":[{"start":{"line":216,"column":2},"end":{"line":216,"column":69}},{"start":{},"end":{}}],"line":216},"25":{"loc":{"start":{"line":220,"column":4},"end":{"line":220,"column":90}},"type":"if","locations":[{"start":{"line":220,"column":4},"end":{"line":220,"column":90}},{"start":{},"end":{}}],"line":220},"26":{"loc":{"start":{"line":237,"column":2},"end":{"line":237,"column":98}},"type":"if","locations":[{"start":{"line":237,"column":2},"end":{"line":237,"column":98}},{"start":{},"end":{}}],"line":237},"27":{"loc":{"start":{"line":237,"column":6},"end":{"line":237,"column":25}},"type":"binary-expr","locations":[{"start":{"line":237,"column":6},"end":{"line":237,"column":12}},{"start":{"line":237,"column":16},"end":{"line":237,"column":25}}],"line":237},"28":{"loc":{"start":{"line":238,"column":2},"end":{"line":238,"column":121}},"type":"if","locations":[{"start":{"line":238,"column":2},"end":{"line":238,"column":121}},{"start":{},"end":{}}],"line":238},"29":{"loc":{"start":{"line":242,"column":4},"end":{"line":242,"column":87}},"type":"if","locations":[{"start":{"line":242,"column":4},"end":{"line":242,"column":87}},{"start":{},"end":{}}],"line":242},"30":{"loc":{"start":{"line":243,"column":4},"end":{"line":243,"column":128}},"type":"if","locations":[{"start":{"line":243,"column":4},"end":{"line":243,"column":128}},{"start":{},"end":{}}],"line":243},"31":{"loc":{"start":{"line":259,"column":2},"end":{"line":259,"column":85}},"type":"if","locations":[{"start":{"line":259,"column":2},"end":{"line":259,"column":85}},{"start":{},"end":{}}],"line":259},"32":{"loc":{"start":{"line":263,"column":4},"end":{"line":263,"column":87}},"type":"if","locations":[{"start":{"line":263,"column":4},"end":{"line":263,"column":87}},{"start":{},"end":{}}],"line":263},"33":{"loc":{"start":{"line":263,"column":8},"end":{"line":263,"column":51}},"type":"binary-expr","locations":[{"start":{"line":263,"column":8},"end":{"line":263,"column":13}},{"start":{"line":263,"column":17},"end":{"line":263,"column":51}}],"line":263}},"s":{"0":0,"1":0,"2":0,"3":0,"4":0,"5":0,"6":0,"7":0,"8":0,"9":0,"10":0,"11":0,"12":0,"13":0,"14":0,"15":0,"16":0,"17":0,"18":0,"19":0,"20":0,"21":0,"22":0,"23":0,"24":0,"25":0,"26":0,"27":0,"28":0,"29":0,"30":0,"31":0,"32":0,"33":0,"34":0,"35":0,"36":0,"37":0,"38":0,"39":0,"40":0,"41":0,"42":0,"43":0,"44":0,"45":0,"46":0,"47":0,"48":0,"49":0,"50":0,"51":0,"52":0,"53":0,"54":0,"55":0,"56":0,"57":0,"58":0,"59":0,"60":0,"61":0,"62":0,"63":0,"64":0,"65":0,"66":0,"67":0,"68":0,"69":0,"70":0,"71":0,"72":0,"73":0,"74":0,"75":0,"76":0,"77":0,"78":0,"79":0,"80":0,"81":0,"82":0,"83":0,"84":0,"85":0,"86":0,"87":0,"88":0,"89":0,"90":0,"91":0,"92":0,"93":0,"94":0,"95":0,"96":0,"97":0,"98":0,"99":0,"100":0,"101":0,"102":0,"103":0,"104":0,"105":0,"106":0,"107":0,"108":0,"109":0,"110":0,"111":0,"112":0,"113":0,"114":0,"115":0,"116":0,"117":0,"118":0,"119":0,"120":0,"121":0,"122":0,"123":0,"124":0,"125":0,"126":0,"127":0,"128":0,"129":0,"130":0,"131":0,"132":0,"133":0,"134":0,"135":0,"136":0,"137":0,"138":0,"139":0,"140":0,"141":0,"142":0,"143":0,"144":0,"145":0},"f":{"0":0,"1":0,"2":0,"3":0,"4":0,"5":0,"6":0,"7":0,"8":0,"9":0},"b":{"0":[0,0],"1":[0,0],"2":[0,0],"3":[0,0],"4":[0,0],"5":[0,0],"6":[0,0],"7":[0,0],"8":[0,0],"9":[0,0],"10":[0,0],"11":[0,0],"12":[0,0],"13":[0,0],"14":[0,0],"15":[0,0],"16":[0,0],"17":[0,0],"18":[0,0],"19":[0,0],"20":[0,0],"21":[0,0],"22":[0,0],"23":[0,0],"24":[0,0],"25":[0,0],"26":[0,0],"27":[0,0],"28":[0,0],"29":[0,0],"30":[0,0],"31":[0,0],"32":[0,0],"33":[0,0]}}
,"C:\\Users\\ADMIN-PC\\Downloads\\annuairepro-fullstack\\annuaire\\backend\\src\\controllers\\messageController.js": {"path":"C:\\Users\\ADMIN-PC\\Downloads\\annuairepro-fullstack\\annuaire\\backend\\src\\controllers\\messageController.js","statementMap":{"0":{"start":{"line":1,"column":25},"end":{"line":1,"column":50}},"1":{"start":{"line":2,"column":15},"end":{"line":2,"column":33}},"2":{"start":{"line":5,"column":15},"end":{"line":9,"column":1}},"3":{"start":{"line":12,"column":16},"end":{"line":12,"column":43}},"4":{"start":{"line":13,"column":2},"end":{"line":13,"column":79}},"5":{"start":{"line":13,"column":26},"end":{"line":13,"column":79}},"6":{"start":{"line":15,"column":21},"end":{"line":15,"column":31}},"7":{"start":{"line":16,"column":2},"end":{"line":16,"column":34}},"8":{"start":{"line":19,"column":20},"end":{"line":21,"column":4}},"9":{"start":{"line":23,"column":2},"end":{"line":29,"column":3}},"10":{"start":{"line":24,"column":4},"end":{"line":28,"column":6}},"11":{"start":{"line":32,"column":2},"end":{"line":50,"column":3}},"12":{"start":{"line":33,"column":22},"end":{"line":35,"column":6}},"13":{"start":{"line":36,"column":4},"end":{"line":49,"column":5}},"14":{"start":{"line":37,"column":6},"end":{"line":48,"column":8}},"15":{"start":{"line":52,"column":2},"end":{"line":60,"column":4}},"16":{"start":{"line":63,"column":0},"end":{"line":90,"column":2}},"17":{"start":{"line":64,"column":17},"end":{"line":64,"column":28}},"18":{"start":{"line":66,"column":19},"end":{"line":73,"column":4}},"19":{"start":{"line":75,"column":15},"end":{"line":75,"column":24}},"20":{"start":{"line":76,"column":24},"end":{"line":76,"column":26}},"21":{"start":{"line":77,"column":2},"end":{"line":87,"column":3}},"22":{"start":{"line":78,"column":20},"end":{"line":78,"column":75}},"23":{"start":{"line":79,"column":4},"end":{"line":86,"column":5}},"24":{"start":{"line":80,"column":6},"end":{"line":80,"column":24}},"25":{"start":{"line":81,"column":20},"end":{"line":81,"column":71}},"26":{"start":{"line":82,"column":21},"end":{"line":84,"column":8}},"27":{"start":{"line":85,"column":6},"end":{"line":85,"column":62}},"28":{"start":{"line":89,"column":2},"end":{"line":89,"column":26}},"29":{"start":{"line":92,"column":0},"end":{"line":115,"column":2}},"30":{"start":{"line":93,"column":17},"end":{"line":93,"column":28}},"31":{"start":{"line":94,"column":22},"end":{"line":94,"column":32}},"32":{"start":{"line":95,"column":35},"end":{"line":95,"column":44}},"33":{"start":{"line":97,"column":19},"end":{"line":107,"column":4}},"34":{"start":{"line":109,"column":2},"end":{"line":112,"column":5}},"35":{"start":{"line":114,"column":2},"end":{"line":114,"column":31}},"36":{"start":{"line":117,"column":0},"end":{"line":145,"column":2}},"37":{"start":{"line":118,"column":2},"end":{"line":144,"column":3}},"38":{"start":{"line":119,"column":36},"end":{"line":119,"column":44}},"39":{"start":{"line":120,"column":4},"end":{"line":120,"column":81}},"40":{"start":{"line":120,"column":26},"end":{"line":120,"column":81}},"41":{"start":{"line":121,"column":4},"end":{"line":121,"column":85}},"42":{"start":{"line":121,"column":21},"end":{"line":121,"column":85}},"43":{"start":{"line":124,"column":39},"end":{"line":124,"column":96}},"44":{"start":{"line":126,"column":4},"end":{"line":131,"column":5}},"45":{"start":{"line":127,"column":18},"end":{"line":129,"column":88}},"46":{"start":{"line":130,"column":6},"end":{"line":130,"column":74}},"47":{"start":{"line":133,"column":20},"end":{"line":138,"column":6}},"48":{"start":{"line":140,"column":4},"end":{"line":140,"column":36}},"49":{"start":{"line":142,"column":4},"end":{"line":142,"column":53}},"50":{"start":{"line":143,"column":4},"end":{"line":143,"column":54}},"51":{"start":{"line":147,"column":0},"end":{"line":152,"column":2}},"52":{"start":{"line":148,"column":14},"end":{"line":148,"column":79}},"53":{"start":{"line":149,"column":2},"end":{"line":149,"column":99}},"54":{"start":{"line":149,"column":44},"end":{"line":149,"column":99}},"55":{"start":{"line":150,"column":2},"end":{"line":150,"column":64}},"56":{"start":{"line":151,"column":2},"end":{"line":151,"column":30}},"57":{"start":{"line":154,"column":0},"end":{"line":165,"column":2}},"58":{"start":{"line":155,"column":2},"end":{"line":164,"column":3}},"59":{"start":{"line":156,"column":24},"end":{"line":156,"column":34}},"60":{"start":{"line":157,"column":4},"end":{"line":160,"column":7}},"61":{"start":{"line":161,"column":4},"end":{"line":161,"column":32}},"62":{"start":{"line":163,"column":4},"end":{"line":163,"column":54}},"63":{"start":{"line":167,"column":0},"end":{"line":190,"column":2}},"64":{"start":{"line":168,"column":2},"end":{"line":189,"column":3}},"65":{"start":{"line":169,"column":17},"end":{"line":169,"column":30}},"66":{"start":{"line":170,"column":18},"end":{"line":170,"column":45}},"67":{"start":{"line":172,"column":4},"end":{"line":172,"column":98}},"68":{"start":{"line":172,"column":28},"end":{"line":172,"column":98}},"69":{"start":{"line":174,"column":23},"end":{"line":174,"column":33}},"70":{"start":{"line":175,"column":4},"end":{"line":175,"column":36}},"71":{"start":{"line":176,"column":17},"end":{"line":178,"column":6}},"72":{"start":{"line":180,"column":4},"end":{"line":186,"column":7}},"73":{"start":{"line":188,"column":4},"end":{"line":188,"column":54}}},"fnMap":{"0":{"name":"checkLimits","decl":{"start":{"line":11,"column":15},"end":{"line":11,"column":26}},"loc":{"start":{"line":11,"column":53},"end":{"line":61,"column":1}},"line":11},"1":{"name":"(anonymous_1)","decl":{"start":{"line":63,"column":27},"end":{"line":63,"column":28}},"loc":{"start":{"line":63,"column":47},"end":{"line":90,"column":1}},"line":63},"2":{"name":"(anonymous_2)","decl":{"start":{"line":92,"column":22},"end":{"line":92,"column":23}},"loc":{"start":{"line":92,"column":42},"end":{"line":115,"column":1}},"line":92},"3":{"name":"(anonymous_3)","decl":{"start":{"line":117,"column":22},"end":{"line":117,"column":23}},"loc":{"start":{"line":117,"column":42},"end":{"line":145,"column":1}},"line":117},"4":{"name":"(anonymous_4)","decl":{"start":{"line":147,"column":24},"end":{"line":147,"column":25}},"loc":{"start":{"line":147,"column":44},"end":{"line":152,"column":1}},"line":147},"5":{"name":"(anonymous_5)","decl":{"start":{"line":154,"column":21},"end":{"line":154,"column":22}},"loc":{"start":{"line":154,"column":41},"end":{"line":165,"column":1}},"line":154},"6":{"name":"(anonymous_6)","decl":{"start":{"line":167,"column":26},"end":{"line":167,"column":27}},"loc":{"start":{"line":167,"column":46},"end":{"line":190,"column":1}},"line":167}},"branchMap":{"0":{"loc":{"start":{"line":12,"column":16},"end":{"line":12,"column":43}},"type":"binary-expr","locations":[{"start":{"line":12,"column":16},"end":{"line":12,"column":28}},{"start":{"line":12,"column":32},"end":{"line":12,"column":43}}],"line":12},"1":{"loc":{"start":{"line":13,"column":2},"end":{"line":13,"column":79}},"type":"if","locations":[{"start":{"line":13,"column":2},"end":{"line":13,"column":79}},{"start":{},"end":{}}],"line":13},"2":{"loc":{"start":{"line":23,"column":2},"end":{"line":29,"column":3}},"type":"if","locations":[{"start":{"line":23,"column":2},"end":{"line":29,"column":3}},{"start":{},"end":{}}],"line":23},"3":{"loc":{"start":{"line":32,"column":2},"end":{"line":50,"column":3}},"type":"if","locations":[{"start":{"line":32,"column":2},"end":{"line":50,"column":3}},{"start":{},"end":{}}],"line":32},"4":{"loc":{"start":{"line":36,"column":4},"end":{"line":49,"column":5}},"type":"if","locations":[{"start":{"line":36,"column":4},"end":{"line":49,"column":5}},{"start":{},"end":{}}],"line":36},"5":{"loc":{"start":{"line":78,"column":20},"end":{"line":78,"column":75}},"type":"cond-expr","locations":[{"start":{"line":78,"column":46},"end":{"line":78,"column":60}},{"start":{"line":78,"column":63},"end":{"line":78,"column":75}}],"line":78},"6":{"loc":{"start":{"line":79,"column":4},"end":{"line":86,"column":5}},"type":"if","locations":[{"start":{"line":79,"column":4},"end":{"line":86,"column":5}},{"start":{},"end":{}}],"line":79},"7":{"loc":{"start":{"line":81,"column":20},"end":{"line":81,"column":71}},"type":"cond-expr","locations":[{"start":{"line":81,"column":46},"end":{"line":81,"column":58}},{"start":{"line":81,"column":61},"end":{"line":81,"column":71}}],"line":81},"8":{"loc":{"start":{"line":95,"column":10},"end":{"line":95,"column":18}},"type":"default-arg","locations":[{"start":{"line":95,"column":17},"end":{"line":95,"column":18}}],"line":95},"9":{"loc":{"start":{"line":95,"column":20},"end":{"line":95,"column":30}},"type":"default-arg","locations":[{"start":{"line":95,"column":28},"end":{"line":95,"column":30}}],"line":95},"10":{"loc":{"start":{"line":120,"column":4},"end":{"line":120,"column":81}},"type":"if","locations":[{"start":{"line":120,"column":4},"end":{"line":120,"column":81}},{"start":{},"end":{}}],"line":120},"11":{"loc":{"start":{"line":121,"column":4},"end":{"line":121,"column":85}},"type":"if","locations":[{"start":{"line":121,"column":4},"end":{"line":121,"column":85}},{"start":{},"end":{}}],"line":121},"12":{"loc":{"start":{"line":126,"column":4},"end":{"line":131,"column":5}},"type":"if","locations":[{"start":{"line":126,"column":4},"end":{"line":131,"column":5}},{"start":{},"end":{}}],"line":126},"13":{"loc":{"start":{"line":127,"column":18},"end":{"line":129,"column":88}},"type":"cond-expr","locations":[{"start":{"line":128,"column":10},"end":{"line":128,"column":104}},{"start":{"line":129,"column":10},"end":{"line":129,"column":88}}],"line":127},"14":{"loc":{"start":{"line":149,"column":2},"end":{"line":149,"column":99}},"type":"if","locations":[{"start":{"line":149,"column":2},"end":{"line":149,"column":99}},{"start":{},"end":{}}],"line":149},"15":{"loc":{"start":{"line":149,"column":6},"end":{"line":149,"column":42}},"type":"binary-expr","locations":[{"start":{"line":149,"column":6},"end":{"line":149,"column":10}},{"start":{"line":149,"column":14},"end":{"line":149,"column":42}}],"line":149},"16":{"loc":{"start":{"line":170,"column":18},"end":{"line":170,"column":45}},"type":"binary-expr","locations":[{"start":{"line":170,"column":18},"end":{"line":170,"column":30}},{"start":{"line":170,"column":34},"end":{"line":170,"column":45}}],"line":170},"17":{"loc":{"start":{"line":172,"column":4},"end":{"line":172,"column":98}},"type":"if","locations":[{"start":{"line":172,"column":4},"end":{"line":172,"column":98}},{"start":{},"end":{}}],"line":172}},"s":{"0":1,"1":1,"2":1,"3":2,"4":2,"5":1,"6":1,"7":1,"8":1,"9":1,"10":0,"11":1,"12":1,"13":1,"14":0,"15":1,"16":1,"17":0,"18":0,"19":0,"20":0,"21":0,"22":0,"23":0,"24":0,"25":0,"26":0,"27":0,"28":0,"29":1,"30":0,"31":0,"32":0,"33":0,"34":0,"35":0,"36":1,"37":4,"38":4,"39":4,"40":1,"41":3,"42":1,"43":2,"44":2,"45":0,"46":0,"47":2,"48":2,"49":0,"50":0,"51":1,"52":0,"53":0,"54":0,"55":0,"56":0,"57":1,"58":0,"59":0,"60":0,"61":0,"62":0,"63":1,"64":2,"65":2,"66":2,"67":2,"68":1,"69":1,"70":1,"71":1,"72":1,"73":0},"f":{"0":2,"1":0,"2":0,"3":4,"4":0,"5":0,"6":2},"b":{"0":[2,0],"1":[1,1],"2":[0,1],"3":[1,0],"4":[0,1],"5":[0,0],"6":[0,0],"7":[0,0],"8":[0],"9":[0],"10":[1,3],"11":[1,2],"12":[0,2],"13":[0,0],"14":[0,0],"15":[0,0],"16":[2,0],"17":[1,1]},"_coverageSchema":"1a1c01bbd47fc00a2c39e90264f33305004495a9","hash":"babc690f1c1377ddec1a9c19d1de0f7a102ebf9a"}
,"C:\\Users\\ADMIN-PC\\Downloads\\annuairepro-fullstack\\annuaire\\backend\\src\\controllers\\profileController.js": {"path":"C:\\Users\\ADMIN-PC\\Downloads\\annuairepro-fullstack\\annuaire\\backend\\src\\controllers\\profileController.js","statementMap":{"0":{"start":{"line":1,"column":14},"end":{"line":1,"column":49}},"1":{"start":{"line":2,"column":39},"end":{"line":2,"column":72}},"2":{"start":{"line":3,"column":25},"end":{"line":3,"column":50}},"3":{"start":{"line":4,"column":29},"end":{"line":4,"column":49}},"4":{"start":{"line":5,"column":15},"end":{"line":5,"column":33}},"5":{"start":{"line":7,"column":0},"end":{"line":108,"column":2}},"6":{"start":{"line":8,"column":2},"end":{"line":107,"column":3}},"7":{"start":{"line":12,"column":8},"end":{"line":12,"column":17}},"8":{"start":{"line":15,"column":21},"end":{"line":15,"column":65}},"9":{"start":{"line":16,"column":19},"end":{"line":16,"column":44}},"10":{"start":{"line":17,"column":4},"end":{"line":17,"column":40}},"11":{"start":{"line":17,"column":16},"end":{"line":17,"column":40}},"12":{"start":{"line":19,"column":18},"end":{"line":22,"column":5}},"13":{"start":{"line":24,"column":4},"end":{"line":24,"column":67}},"14":{"start":{"line":24,"column":14},"end":{"line":24,"column":67}},"15":{"start":{"line":25,"column":4},"end":{"line":25,"column":51}},"16":{"start":{"line":25,"column":29},"end":{"line":25,"column":51}},"17":{"start":{"line":28,"column":18},"end":{"line":28,"column":22}},"18":{"start":{"line":28,"column":34},"end":{"line":28,"column":38}},"19":{"start":{"line":29,"column":21},"end":{"line":29,"column":75}},"20":{"start":{"line":30,"column":4},"end":{"line":37,"column":5}},"21":{"start":{"line":31,"column":6},"end":{"line":31,"column":42}},"22":{"start":{"line":32,"column":6},"end":{"line":32,"column":42}},"23":{"start":{"line":33,"column":11},"end":{"line":37,"column":5}},"24":{"start":{"line":35,"column":21},"end":{"line":35,"column":40}},"25":{"start":{"line":36,"column":6},"end":{"line":36,"column":65}},"26":{"start":{"line":36,"column":20},"end":{"line":36,"column":41}},"27":{"start":{"line":36,"column":42},"end":{"line":36,"column":63}},"28":{"start":{"line":38,"column":4},"end":{"line":38,"column":55}},"29":{"start":{"line":38,"column":31},"end":{"line":38,"column":55}},"30":{"start":{"line":39,"column":4},"end":{"line":39,"column":55}},"31":{"start":{"line":39,"column":18},"end":{"line":39,"column":55}},"32":{"start":{"line":40,"column":4},"end":{"line":40,"column":78}},"33":{"start":{"line":40,"column":16},"end":{"line":40,"column":78}},"34":{"start":{"line":41,"column":4},"end":{"line":44,"column":5}},"35":{"start":{"line":42,"column":22},"end":{"line":42,"column":72}},"36":{"start":{"line":42,"column":47},"end":{"line":42,"column":55}},"37":{"start":{"line":43,"column":6},"end":{"line":43,"column":64}},"38":{"start":{"line":43,"column":30},"end":{"line":43,"column":64}},"39":{"start":{"line":45,"column":4},"end":{"line":49,"column":5}},"40":{"start":{"line":46,"column":6},"end":{"line":46,"column":30}},"41":{"start":{"line":47,"column":6},"end":{"line":47,"column":66}},"42":{"start":{"line":47,"column":20},"end":{"line":47,"column":66}},"43":{"start":{"line":48,"column":6},"end":{"line":48,"column":66}},"44":{"start":{"line":48,"column":20},"end":{"line":48,"column":66}},"45":{"start":{"line":51,"column":17},"end":{"line":51,"column":55}},"46":{"start":{"line":53,"column":30},"end":{"line":67,"column":6}},"47":{"start":{"line":70,"column":27},"end":{"line":70,"column":35}},"48":{"start":{"line":71,"column":4},"end":{"line":90,"column":5}},"49":{"start":{"line":72,"column":6},"end":{"line":80,"column":9}},"50":{"start":{"line":73,"column":8},"end":{"line":75,"column":9}},"51":{"start":{"line":74,"column":10},"end":{"line":74,"column":84}},"52":{"start":{"line":77,"column":23},"end":{"line":77,"column":44}},"53":{"start":{"line":78,"column":8},"end":{"line":78,"column":93}},"54":{"start":{"line":78,"column":20},"end":{"line":78,"column":93}},"55":{"start":{"line":79,"column":8},"end":{"line":79,"column":20}},"56":{"start":{"line":83,"column":6},"end":{"line":89,"column":9}},"57":{"start":{"line":84,"column":23},"end":{"line":86,"column":33}},"58":{"start":{"line":87,"column":25},"end":{"line":87,"column":106}},"59":{"start":{"line":88,"column":8},"end":{"line":88,"column":34}},"60":{"start":{"line":93,"column":19},"end":{"line":99,"column":6}},"61":{"start":{"line":94,"column":21},"end":{"line":94,"column":49}},"62":{"start":{"line":95,"column":21},"end":{"line":95,"column":49}},"63":{"start":{"line":96,"column":6},"end":{"line":96,"column":52}},"64":{"start":{"line":96,"column":29},"end":{"line":96,"column":52}},"65":{"start":{"line":97,"column":6},"end":{"line":97,"column":64}},"66":{"start":{"line":97,"column":37},"end":{"line":97,"column":64}},"67":{"start":{"line":98,"column":6},"end":{"line":98,"column":39}},"68":{"start":{"line":101,"column":19},"end":{"line":101,"column":116}},"69":{"start":{"line":102,"column":4},"end":{"line":102,"column":63}},"70":{"start":{"line":103,"column":4},"end":{"line":103,"column":21}},"71":{"start":{"line":105,"column":4},"end":{"line":105,"column":53}},"72":{"start":{"line":106,"column":4},"end":{"line":106,"column":54}},"73":{"start":{"line":110,"column":0},"end":{"line":167,"column":2}},"74":{"start":{"line":111,"column":2},"end":{"line":166,"column":3}},"75":{"start":{"line":112,"column":21},"end":{"line":112,"column":55}},"76":{"start":{"line":113,"column":19},"end":{"line":113,"column":44}},"77":{"start":{"line":114,"column":4},"end":{"line":114,"column":40}},"78":{"start":{"line":114,"column":16},"end":{"line":114,"column":40}},"79":{"start":{"line":115,"column":20},"end":{"line":129,"column":6}},"80":{"start":{"line":131,"column":4},"end":{"line":131,"column":79}},"81":{"start":{"line":131,"column":18},"end":{"line":131,"column":79}},"82":{"start":{"line":134,"column":4},"end":{"line":134,"column":101}},"83":{"start":{"line":134,"column":40},"end":{"line":134,"column":101}},"84":{"start":{"line":136,"column":4},"end":{"line":139,"column":7}},"85":{"start":{"line":142,"column":20},"end":{"line":160,"column":6}},"86":{"start":{"line":162,"column":4},"end":{"line":162,"column":38}},"87":{"start":{"line":164,"column":4},"end":{"line":164,"column":52}},"88":{"start":{"line":165,"column":4},"end":{"line":165,"column":54}},"89":{"start":{"line":169,"column":0},"end":{"line":192,"column":2}},"90":{"start":{"line":170,"column":2},"end":{"line":191,"column":3}},"91":{"start":{"line":171,"column":93},"end":{"line":171,"column":101}},"92":{"start":{"line":173,"column":17},"end":{"line":173,"column":68}},"93":{"start":{"line":174,"column":4},"end":{"line":174,"column":66}},"94":{"start":{"line":174,"column":41},"end":{"line":174,"column":66}},"95":{"start":{"line":175,"column":4},"end":{"line":175,"column":104}},"96":{"start":{"line":175,"column":59},"end":{"line":175,"column":104}},"97":{"start":{"line":176,"column":4},"end":{"line":176,"column":57}},"98":{"start":{"line":176,"column":32},"end":{"line":176,"column":57}},"99":{"start":{"line":178,"column":4},"end":{"line":181,"column":5}},"100":{"start":{"line":179,"column":21},"end":{"line":179,"column":40}},"101":{"start":{"line":180,"column":6},"end":{"line":180,"column":78}},"102":{"start":{"line":180,"column":20},"end":{"line":180,"column":47}},"103":{"start":{"line":180,"column":48},"end":{"line":180,"column":76}},"104":{"start":{"line":183,"column":20},"end":{"line":186,"column":6}},"105":{"start":{"line":188,"column":4},"end":{"line":188,"column":22}},"106":{"start":{"line":190,"column":4},"end":{"line":190,"column":54}},"107":{"start":{"line":194,"column":0},"end":{"line":225,"column":2}},"108":{"start":{"line":195,"column":24},"end":{"line":195,"column":34}},"109":{"start":{"line":196,"column":17},"end":{"line":196,"column":28}},"110":{"start":{"line":198,"column":19},"end":{"line":200,"column":4}},"111":{"start":{"line":202,"column":2},"end":{"line":205,"column":3}},"112":{"start":{"line":203,"column":4},"end":{"line":203,"column":89}},"113":{"start":{"line":204,"column":4},"end":{"line":204,"column":42}},"114":{"start":{"line":207,"column":2},"end":{"line":207,"column":64}},"115":{"start":{"line":210,"column":2},"end":{"line":222,"column":12}},"116":{"start":{"line":211,"column":20},"end":{"line":211,"column":126}},"117":{"start":{"line":212,"column":19},"end":{"line":212,"column":104}},"118":{"start":{"line":213,"column":4},"end":{"line":221,"column":5}},"119":{"start":{"line":214,"column":6},"end":{"line":220,"column":9}},"120":{"start":{"line":224,"column":2},"end":{"line":224,"column":32}},"121":{"start":{"line":227,"column":0},"end":{"line":262,"column":2}},"122":{"start":{"line":228,"column":2},"end":{"line":261,"column":3}},"123":{"start":{"line":229,"column":4},"end":{"line":229,"column":101}},"124":{"start":{"line":229,"column":19},"end":{"line":229,"column":101}},"125":{"start":{"line":231,"column":20},"end":{"line":234,"column":6}},"126":{"start":{"line":235,"column":4},"end":{"line":235,"column":79}},"127":{"start":{"line":235,"column":18},"end":{"line":235,"column":79}},"128":{"start":{"line":238,"column":24},"end":{"line":245,"column":7}},"129":{"start":{"line":248,"column":27},"end":{"line":250,"column":6}},"130":{"start":{"line":252,"column":4},"end":{"line":257,"column":7}},"131":{"start":{"line":259,"column":4},"end":{"line":259,"column":51}},"132":{"start":{"line":260,"column":4},"end":{"line":260,"column":54}},"133":{"start":{"line":264,"column":0},"end":{"line":319,"column":2}},"134":{"start":{"line":265,"column":2},"end":{"line":318,"column":3}},"135":{"start":{"line":266,"column":32},"end":{"line":266,"column":40}},"136":{"start":{"line":267,"column":4},"end":{"line":269,"column":5}},"137":{"start":{"line":268,"column":6},"end":{"line":268,"column":68}},"138":{"start":{"line":270,"column":4},"end":{"line":272,"column":5}},"139":{"start":{"line":271,"column":6},"end":{"line":271,"column":79}},"140":{"start":{"line":275,"column":26},"end":{"line":278,"column":6}},"141":{"start":{"line":279,"column":4},"end":{"line":279,"column":85}},"142":{"start":{"line":279,"column":24},"end":{"line":279,"column":85}},"143":{"start":{"line":282,"column":24},"end":{"line":289,"column":6}},"144":{"start":{"line":291,"column":23},"end":{"line":291,"column":36}},"145":{"start":{"line":293,"column":19},"end":{"line":297,"column":6}},"146":{"start":{"line":300,"column":4},"end":{"line":313,"column":14}},"147":{"start":{"line":301,"column":22},"end":{"line":301,"column":132}},"148":{"start":{"line":302,"column":21},"end":{"line":302,"column":119}},"149":{"start":{"line":303,"column":6},"end":{"line":312,"column":7}},"150":{"start":{"line":304,"column":22},"end":{"line":304,"column":50}},"151":{"start":{"line":305,"column":8},"end":{"line":311,"column":11}},"152":{"start":{"line":315,"column":4},"end":{"line":315,"column":21}},"153":{"start":{"line":317,"column":4},"end":{"line":317,"column":54}},"154":{"start":{"line":321,"column":0},"end":{"line":331,"column":2}},"155":{"start":{"line":322,"column":20},"end":{"line":329,"column":4}},"156":{"start":{"line":330,"column":2},"end":{"line":330,"column":42}},"157":{"start":{"line":330,"column":30},"end":{"line":330,"column":39}},"158":{"start":{"line":333,"column":0},"end":{"line":369,"column":2}},"159":{"start":{"line":334,"column":2},"end":{"line":368,"column":3}},"160":{"start":{"line":335,"column":20},"end":{"line":338,"column":6}},"161":{"start":{"line":339,"column":4},"end":{"line":339,"column":79}},"162":{"start":{"line":339,"column":18},"end":{"line":339,"column":79}},"163":{"start":{"line":341,"column":72},"end":{"line":356,"column":6}},"164":{"start":{"line":351,"column":45},"end":{"line":354,"column":9}},"165":{"start":{"line":358,"column":4},"end":{"line":365,"column":7}},"166":{"start":{"line":367,"column":4},"end":{"line":367,"column":54}},"167":{"start":{"line":371,"column":0},"end":{"line":395,"column":2}},"168":{"start":{"line":372,"column":2},"end":{"line":394,"column":3}},"169":{"start":{"line":373,"column":21},"end":{"line":376,"column":6}},"170":{"start":{"line":379,"column":21},"end":{"line":379,"column":23}},"171":{"start":{"line":380,"column":4},"end":{"line":384,"column":7}},"172":{"start":{"line":381,"column":6},"end":{"line":383,"column":9}},"173":{"start":{"line":382,"column":8},"end":{"line":382,"column":49}},"174":{"start":{"line":386,"column":19},"end":{"line":389,"column":46}},"175":{"start":{"line":387,"column":22},"end":{"line":387,"column":33}},"176":{"start":{"line":389,"column":30},"end":{"line":389,"column":44}},"177":{"start":{"line":391,"column":4},"end":{"line":391,"column":21}},"178":{"start":{"line":393,"column":4},"end":{"line":393,"column":54}}},"fnMap":{"0":{"name":"(anonymous_0)","decl":{"start":{"line":7,"column":22},"end":{"line":7,"column":23}},"loc":{"start":{"line":7,"column":42},"end":{"line":108,"column":1}},"line":7},"1":{"name":"(anonymous_1)","decl":{"start":{"line":42,"column":42},"end":{"line":42,"column":43}},"loc":{"start":{"line":42,"column":47},"end":{"line":42,"column":55}},"line":42},"2":{"name":"(anonymous_2)","decl":{"start":{"line":72,"column":41},"end":{"line":72,"column":42}},"loc":{"start":{"line":72,"column":46},"end":{"line":80,"column":7}},"line":72},"3":{"name":"(anonymous_3)","decl":{"start":{"line":83,"column":46},"end":{"line":83,"column":47}},"loc":{"start":{"line":83,"column":51},"end":{"line":89,"column":7}},"line":83},"4":{"name":"(anonymous_4)","decl":{"start":{"line":93,"column":46},"end":{"line":93,"column":47}},"loc":{"start":{"line":93,"column":56},"end":{"line":99,"column":5}},"line":93},"5":{"name":"(anonymous_5)","decl":{"start":{"line":110,"column":21},"end":{"line":110,"column":22}},"loc":{"start":{"line":110,"column":41},"end":{"line":167,"column":1}},"line":110},"6":{"name":"(anonymous_6)","decl":{"start":{"line":169,"column":24},"end":{"line":169,"column":25}},"loc":{"start":{"line":169,"column":44},"end":{"line":192,"column":1}},"line":169},"7":{"name":"(anonymous_7)","decl":{"start":{"line":194,"column":25},"end":{"line":194,"column":26}},"loc":{"start":{"line":194,"column":45},"end":{"line":225,"column":1}},"line":194},"8":{"name":"(anonymous_8)","decl":{"start":{"line":227,"column":20},"end":{"line":227,"column":21}},"loc":{"start":{"line":227,"column":40},"end":{"line":262,"column":1}},"line":227},"9":{"name":"(anonymous_9)","decl":{"start":{"line":264,"column":20},"end":{"line":264,"column":21}},"loc":{"start":{"line":264,"column":40},"end":{"line":319,"column":1}},"line":264},"10":{"name":"(anonymous_10)","decl":{"start":{"line":321,"column":25},"end":{"line":321,"column":26}},"loc":{"start":{"line":321,"column":45},"end":{"line":331,"column":1}},"line":321},"11":{"name":"(anonymous_11)","decl":{"start":{"line":330,"column":25},"end":{"line":330,"column":26}},"loc":{"start":{"line":330,"column":30},"end":{"line":330,"column":39}},"line":330},"12":{"name":"(anonymous_12)","decl":{"start":{"line":333,"column":21},"end":{"line":333,"column":22}},"loc":{"start":{"line":333,"column":41},"end":{"line":369,"column":1}},"line":333},"13":{"name":"(anonymous_13)","decl":{"start":{"line":351,"column":34},"end":{"line":351,"column":35}},"loc":{"start":{"line":351,"column":45},"end":{"line":354,"column":9}},"line":351},"14":{"name":"(anonymous_14)","decl":{"start":{"line":371,"column":25},"end":{"line":371,"column":26}},"loc":{"start":{"line":371,"column":45},"end":{"line":395,"column":1}},"line":371},"15":{"name":"(anonymous_15)","decl":{"start":{"line":380,"column":21},"end":{"line":380,"column":22}},"loc":{"start":{"line":380,"column":26},"end":{"line":384,"column":5}},"line":380},"16":{"name":"(anonymous_16)","decl":{"start":{"line":381,"column":21},"end":{"line":381,"column":22}},"loc":{"start":{"line":381,"column":28},"end":{"line":383,"column":7}},"line":381},"17":{"name":"(anonymous_17)","decl":{"start":{"line":387,"column":12},"end":{"line":387,"column":13}},"loc":{"start":{"line":387,"column":22},"end":{"line":387,"column":33}},"line":387},"18":{"name":"(anonymous_18)","decl":{"start":{"line":389,"column":11},"end":{"line":389,"column":12}},"loc":{"start":{"line":389,"column":30},"end":{"line":389,"column":44}},"line":389}},"branchMap":{"0":{"loc":{"start":{"line":11,"column":6},"end":{"line":11,"column":14}},"type":"default-arg","locations":[{"start":{"line":11,"column":13},"end":{"line":11,"column":14}}],"line":11},"1":{"loc":{"start":{"line":11,"column":16},"end":{"line":11,"column":26}},"type":"default-arg","locations":[{"start":{"line":11,"column":24},"end":{"line":11,"column":26}}],"line":11},"2":{"loc":{"start":{"line":17,"column":4},"end":{"line":17,"column":40}},"type":"if","locations":[{"start":{"line":17,"column":4},"end":{"line":17,"column":40}},{"start":{},"end":{}}],"line":17},"3":{"loc":{"start":{"line":24,"column":4},"end":{"line":24,"column":67}},"type":"if","locations":[{"start":{"line":24,"column":4},"end":{"line":24,"column":67}},{"start":{},"end":{}}],"line":24},"4":{"loc":{"start":{"line":25,"column":4},"end":{"line":25,"column":51}},"type":"if","locations":[{"start":{"line":25,"column":4},"end":{"line":25,"column":51}},{"start":{},"end":{}}],"line":25},"5":{"loc":{"start":{"line":29,"column":21},"end":{"line":29,"column":75}},"type":"cond-expr","locations":[{"start":{"line":29,"column":40},"end":{"line":29,"column":68}},{"start":{"line":29,"column":71},"end":{"line":29,"column":75}}],"line":29},"6":{"loc":{"start":{"line":30,"column":4},"end":{"line":37,"column":5}},"type":"if","locations":[{"start":{"line":30,"column":4},"end":{"line":37,"column":5}},{"start":{"line":33,"column":11},"end":{"line":37,"column":5}}],"line":30},"7":{"loc":{"start":{"line":30,"column":8},"end":{"line":30,"column":38}},"type":"binary-expr","locations":[{"start":{"line":30,"column":8},"end":{"line":30,"column":21}},{"start":{"line":30,"column":25},"end":{"line":30,"column":38}}],"line":30},"8":{"loc":{"start":{"line":33,"column":11},"end":{"line":37,"column":5}},"type":"if","locations":[{"start":{"line":33,"column":11},"end":{"line":37,"column":5}},{"start":{},"end":{}}],"line":33},"9":{"loc":{"start":{"line":33,"column":15},"end":{"line":33,"column":31}},"type":"binary-expr","locations":[{"start":{"line":33,"column":15},"end":{"line":33,"column":19}},{"start":{"line":33,"column":23},"end":{"line":33,"column":31}}],"line":33},"10":{"loc":{"start":{"line":36,"column":6},"end":{"line":36,"column":65}},"type":"if","locations":[{"start":{"line":36,"column":6},"end":{"line":36,"column":65}},{"start":{},"end":{}}],"line":36},"11":{"loc":{"start":{"line":38,"column":4},"end":{"line":38,"column":55}},"type":"if","locations":[{"start":{"line":38,"column":4},"end":{"line":38,"column":55}},{"start":{},"end":{}}],"line":38},"12":{"loc":{"start":{"line":39,"column":4},"end":{"line":39,"column":55}},"type":"if","locations":[{"start":{"line":39,"column":4},"end":{"line":39,"column":55}},{"start":{},"end":{}}],"line":39},"13":{"loc":{"start":{"line":40,"column":4},"end":{"line":40,"column":78}},"type":"if","locations":[{"start":{"line":40,"column":4},"end":{"line":40,"column":78}},{"start":{},"end":{}}],"line":40},"14":{"loc":{"start":{"line":41,"column":4},"end":{"line":44,"column":5}},"type":"if","locations":[{"start":{"line":41,"column":4},"end":{"line":44,"column":5}},{"start":{},"end":{}}],"line":41},"15":{"loc":{"start":{"line":43,"column":6},"end":{"line":43,"column":64}},"type":"if","locations":[{"start":{"line":43,"column":6},"end":{"line":43,"column":64}},{"start":{},"end":{}}],"line":43},"16":{"loc":{"start":{"line":45,"column":4},"end":{"line":49,"column":5}},"type":"if","locations":[{"start":{"line":45,"column":4},"end":{"line":49,"column":5}},{"start":{},"end":{}}],"line":45},"17":{"loc":{"start":{"line":45,"column":8},"end":{"line":45,"column":28}},"type":"binary-expr","locations":[{"start":{"line":45,"column":8},"end":{"line":45,"column":16}},{"start":{"line":45,"column":20},"end":{"line":45,"column":28}}],"line":45},"18":{"loc":{"start":{"line":47,"column":6},"end":{"line":47,"column":66}},"type":"if","locations":[{"start":{"line":47,"column":6},"end":{"line":47,"column":66}},{"start":{},"end":{}}],"line":47},"19":{"loc":{"start":{"line":48,"column":6},"end":{"line":48,"column":66}},"type":"if","locations":[{"start":{"line":48,"column":6},"end":{"line":48,"column":66}},{"start":{},"end":{}}],"line":48},"20":{"loc":{"start":{"line":71,"column":4},"end":{"line":90,"column":5}},"type":"if","locations":[{"start":{"line":71,"column":4},"end":{"line":90,"column":5}},{"start":{},"end":{}}],"line":71},"21":{"loc":{"start":{"line":71,"column":8},"end":{"line":71,"column":56}},"type":"binary-expr","locations":[{"start":{"line":71,"column":8},"end":{"line":71,"column":24}},{"start":{"line":71,"column":28},"end":{"line":71,"column":44}},{"start":{"line":71,"column":48},"end":{"line":71,"column":56}}],"line":71},"22":{"loc":{"start":{"line":73,"column":8},"end":{"line":75,"column":9}},"type":"if","locations":[{"start":{"line":73,"column":8},"end":{"line":75,"column":9}},{"start":{},"end":{}}],"line":73},"23":{"loc":{"start":{"line":73,"column":12},"end":{"line":73,"column":37}},"type":"binary-expr","locations":[{"start":{"line":73,"column":12},"end":{"line":73,"column":22}},{"start":{"line":73,"column":26},"end":{"line":73,"column":37}}],"line":73},"24":{"loc":{"start":{"line":78,"column":8},"end":{"line":78,"column":93}},"type":"if","locations":[{"start":{"line":78,"column":8},"end":{"line":78,"column":93}},{"start":{},"end":{}}],"line":78},"25":{"loc":{"start":{"line":84,"column":23},"end":{"line":86,"column":33}},"type":"cond-expr","locations":[{"start":{"line":85,"column":12},"end":{"line":85,"column":49}},{"start":{"line":86,"column":12},"end":{"line":86,"column":33}}],"line":84},"26":{"loc":{"start":{"line":84,"column":23},"end":{"line":84,"column":48}},"type":"binary-expr","locations":[{"start":{"line":84,"column":23},"end":{"line":84,"column":33}},{"start":{"line":84,"column":37},"end":{"line":84,"column":48}}],"line":84},"27":{"loc":{"start":{"line":87,"column":25},"end":{"line":87,"column":106}},"type":"cond-expr","locations":[{"start":{"line":87,"column":34},"end":{"line":87,"column":99}},{"start":{"line":87,"column":102},"end":{"line":87,"column":106}}],"line":87},"28":{"loc":{"start":{"line":94,"column":21},"end":{"line":94,"column":49}},"type":"cond-expr","locations":[{"start":{"line":94,"column":44},"end":{"line":94,"column":45}},{"start":{"line":94,"column":48},"end":{"line":94,"column":49}}],"line":94},"29":{"loc":{"start":{"line":95,"column":21},"end":{"line":95,"column":49}},"type":"cond-expr","locations":[{"start":{"line":95,"column":44},"end":{"line":95,"column":45}},{"start":{"line":95,"column":48},"end":{"line":95,"column":49}}],"line":95},"30":{"loc":{"start":{"line":96,"column":6},"end":{"line":96,"column":52}},"type":"if","locations":[{"start":{"line":96,"column":6},"end":{"line":96,"column":52}},{"start":{},"end":{}}],"line":96},"31":{"loc":{"start":{"line":97,"column":6},"end":{"line":97,"column":64}},"type":"if","locations":[{"start":{"line":97,"column":6},"end":{"line":97,"column":64}},{"start":{},"end":{}}],"line":97},"32":{"loc":{"start":{"line":97,"column":44},"end":{"line":97,"column":63}},"type":"cond-expr","locations":[{"start":{"line":97,"column":57},"end":{"line":97,"column":58}},{"start":{"line":97,"column":61},"end":{"line":97,"column":63}}],"line":97},"33":{"loc":{"start":{"line":114,"column":4},"end":{"line":114,"column":40}},"type":"if","locations":[{"start":{"line":114,"column":4},"end":{"line":114,"column":40}},{"start":{},"end":{}}],"line":114},"34":{"loc":{"start":{"line":131,"column":4},"end":{"line":131,"column":79}},"type":"if","locations":[{"start":{"line":131,"column":4},"end":{"line":131,"column":79}},{"start":{},"end":{}}],"line":131},"35":{"loc":{"start":{"line":134,"column":4},"end":{"line":134,"column":101}},"type":"if","locations":[{"start":{"line":134,"column":4},"end":{"line":134,"column":101}},{"start":{},"end":{}}],"line":134},"36":{"loc":{"start":{"line":149,"column":10},"end":{"line":151,"column":16}},"type":"cond-expr","locations":[{"start":{"line":150,"column":14},"end":{"line":150,"column":61}},{"start":{"line":151,"column":14},"end":{"line":151,"column":16}}],"line":149},"37":{"loc":{"start":{"line":174,"column":4},"end":{"line":174,"column":66}},"type":"if","locations":[{"start":{"line":174,"column":4},"end":{"line":174,"column":66}},{"start":{},"end":{}}],"line":174},"38":{"loc":{"start":{"line":174,"column":8},"end":{"line":174,"column":39}},"type":"binary-expr","locations":[{"start":{"line":174,"column":8},"end":{"line":174,"column":25}},{"start":{"line":174,"column":29},"end":{"line":174,"column":39}}],"line":174},"39":{"loc":{"start":{"line":175,"column":4},"end":{"line":175,"column":104}},"type":"if","locations":[{"start":{"line":175,"column":4},"end":{"line":175,"column":104}},{"start":{},"end":{}}],"line":175},"40":{"loc":{"start":{"line":175,"column":8},"end":{"line":175,"column":57}},"type":"binary-expr","locations":[{"start":{"line":175,"column":8},"end":{"line":175,"column":34}},{"start":{"line":175,"column":38},"end":{"line":175,"column":57}}],"line":175},"41":{"loc":{"start":{"line":176,"column":4},"end":{"line":176,"column":57}},"type":"if","locations":[{"start":{"line":176,"column":4},"end":{"line":176,"column":57}},{"start":{},"end":{}}],"line":176},"42":{"loc":{"start":{"line":178,"column":4},"end":{"line":181,"column":5}},"type":"if","locations":[{"start":{"line":178,"column":4},"end":{"line":181,"column":5}},{"start":{},"end":{}}],"line":178},"43":{"loc":{"start":{"line":180,"column":6},"end":{"line":180,"column":78}},"type":"if","locations":[{"start":{"line":180,"column":6},"end":{"line":180,"column":78}},{"start":{},"end":{}}],"line":180},"44":{"loc":{"start":{"line":202,"column":2},"end":{"line":205,"column":3}},"type":"if","locations":[{"start":{"line":202,"column":2},"end":{"line":205,"column":3}},{"start":{},"end":{}}],"line":202},"45":{"loc":{"start":{"line":213,"column":4},"end":{"line":221,"column":5}},"type":"if","locations":[{"start":{"line":213,"column":4},"end":{"line":221,"column":5}},{"start":{},"end":{}}],"line":213},"46":{"loc":{"start":{"line":213,"column":8},"end":{"line":213,"column":44}},"type":"binary-expr","locations":[{"start":{"line":213,"column":8},"end":{"line":213,"column":15}},{"start":{"line":213,"column":19},"end":{"line":213,"column":44}}],"line":213},"47":{"loc":{"start":{"line":218,"column":17},"end":{"line":218,"column":52}},"type":"binary-expr","locations":[{"start":{"line":218,"column":17},"end":{"line":218,"column":36}},{"start":{"line":218,"column":40},"end":{"line":218,"column":52}}],"line":218},"48":{"loc":{"start":{"line":229,"column":4},"end":{"line":229,"column":101}},"type":"if","locations":[{"start":{"line":229,"column":4},"end":{"line":229,"column":101}},{"start":{},"end":{}}],"line":229},"49":{"loc":{"start":{"line":235,"column":4},"end":{"line":235,"column":79}},"type":"if","locations":[{"start":{"line":235,"column":4},"end":{"line":235,"column":79}},{"start":{},"end":{}}],"line":235},"50":{"loc":{"start":{"line":256,"column":22},"end":{"line":256,"column":44}},"type":"binary-expr","locations":[{"start":{"line":256,"column":22},"end":{"line":256,"column":36}},{"start":{"line":256,"column":40},"end":{"line":256,"column":44}}],"line":256},"51":{"loc":{"start":{"line":267,"column":4},"end":{"line":269,"column":5}},"type":"if","locations":[{"start":{"line":267,"column":4},"end":{"line":269,"column":5}},{"start":{},"end":{}}],"line":267},"52":{"loc":{"start":{"line":267,"column":8},"end":{"line":267,"column":63}},"type":"binary-expr","locations":[{"start":{"line":267,"column":8},"end":{"line":267,"column":15}},{"start":{"line":267,"column":19},"end":{"line":267,"column":39}},{"start":{"line":267,"column":43},"end":{"line":267,"column":63}}],"line":267},"53":{"loc":{"start":{"line":270,"column":4},"end":{"line":272,"column":5}},"type":"if","locations":[{"start":{"line":270,"column":4},"end":{"line":272,"column":5}},{"start":{},"end":{}}],"line":270},"54":{"loc":{"start":{"line":279,"column":4},"end":{"line":279,"column":85}},"type":"if","locations":[{"start":{"line":279,"column":4},"end":{"line":279,"column":85}},{"start":{},"end":{}}],"line":279},"55":{"loc":{"start":{"line":303,"column":6},"end":{"line":312,"column":7}},"type":"if","locations":[{"start":{"line":303,"column":6},"end":{"line":312,"column":7}},{"start":{},"end":{}}],"line":303},"56":{"loc":{"start":{"line":303,"column":10},"end":{"line":303,"column":51}},"type":"binary-expr","locations":[{"start":{"line":303,"column":10},"end":{"line":303,"column":17}},{"start":{"line":303,"column":21},"end":{"line":303,"column":51}}],"line":303},"57":{"loc":{"start":{"line":309,"column":19},"end":{"line":309,"column":54}},"type":"binary-expr","locations":[{"start":{"line":309,"column":19},"end":{"line":309,"column":38}},{"start":{"line":309,"column":42},"end":{"line":309,"column":54}}],"line":309},"58":{"loc":{"start":{"line":339,"column":4},"end":{"line":339,"column":79}},"type":"if","locations":[{"start":{"line":339,"column":4},"end":{"line":339,"column":79}},{"start":{},"end":{}}],"line":339},"59":{"loc":{"start":{"line":362,"column":21},"end":{"line":362,"column":49}},"type":"binary-expr","locations":[{"start":{"line":362,"column":21},"end":{"line":362,"column":44}},{"start":{"line":362,"column":48},"end":{"line":362,"column":49}}],"line":362},"60":{"loc":{"start":{"line":382,"column":25},"end":{"line":382,"column":43}},"type":"binary-expr","locations":[{"start":{"line":382,"column":25},"end":{"line":382,"column":38}},{"start":{"line":382,"column":42},"end":{"line":382,"column":43}}],"line":382}},"s":{"0":0,"1":0,"2":0,"3":0,"4":0,"5":0,"6":0,"7":0,"8":0,"9":0,"10":0,"11":0,"12":0,"13":0,"14":0,"15":0,"16":0,"17":0,"18":0,"19":0,"20":0,"21":0,"22":0,"23":0,"24":0,"25":0,"26":0,"27":0,"28":0,"29":0,"30":0,"31":0,"32":0,"33":0,"34":0,"35":0,"36":0,"37":0,"38":0,"39":0,"40":0,"41":0,"42":0,"43":0,"44":0,"45":0,"46":0,"47":0,"48":0,"49":0,"50":0,"51":0,"52":0,"53":0,"54":0,"55":0,"56":0,"57":0,"58":0,"59":0,"60":0,"61":0,"62":0,"63":0,"64":0,"65":0,"66":0,"67":0,"68":0,"69":0,"70":0,"71":0,"72":0,"73":0,"74":0,"75":0,"76":0,"77":0,"78":0,"79":0,"80":0,"81":0,"82":0,"83":0,"84":0,"85":0,"86":0,"87":0,"88":0,"89":0,"90":0,"91":0,"92":0,"93":0,"94":0,"95":0,"96":0,"97":0,"98":0,"99":0,"100":0,"101":0,"102":0,"103":0,"104":0,"105":0,"106":0,"107":0,"108":0,"109":0,"110":0,"111":0,"112":0,"113":0,"114":0,"115":0,"116":0,"117":0,"118":0,"119":0,"120":0,"121":0,"122":0,"123":0,"124":0,"125":0,"126":0,"127":0,"128":0,"129":0,"130":0,"131":0,"132":0,"133":0,"134":0,"135":0,"136":0,"137":0,"138":0,"139":0,"140":0,"141":0,"142":0,"143":0,"144":0,"145":0,"146":0,"147":0,"148":0,"149":0,"150":0,"151":0,"152":0,"153":0,"154":0,"155":0,"156":0,"157":0,"158":0,"159":0,"160":0,"161":0,"162":0,"163":0,"164":0,"165":0,"166":0,"167":0,"168":0,"169":0,"170":0,"171":0,"172":0,"173":0,"174":0,"175":0,"176":0,"177":0,"178":0},"f":{"0":0,"1":0,"2":0,"3":0,"4":0,"5":0,"6":0,"7":0,"8":0,"9":0,"10":0,"11":0,"12":0,"13":0,"14":0,"15":0,"16":0,"17":0,"18":0},"b":{"0":[0],"1":[0],"2":[0,0],"3":[0,0],"4":[0,0],"5":[0,0],"6":[0,0],"7":[0,0],"8":[0,0],"9":[0,0],"10":[0,0],"11":[0,0],"12":[0,0],"13":[0,0],"14":[0,0],"15":[0,0],"16":[0,0],"17":[0,0],"18":[0,0],"19":[0,0],"20":[0,0],"21":[0,0,0],"22":[0,0],"23":[0,0],"24":[0,0],"25":[0,0],"26":[0,0],"27":[0,0],"28":[0,0],"29":[0,0],"30":[0,0],"31":[0,0],"32":[0,0],"33":[0,0],"34":[0,0],"35":[0,0],"36":[0,0],"37":[0,0],"38":[0,0],"39":[0,0],"40":[0,0],"41":[0,0],"42":[0,0],"43":[0,0],"44":[0,0],"45":[0,0],"46":[0,0],"47":[0,0],"48":[0,0],"49":[0,0],"50":[0,0],"51":[0,0],"52":[0,0,0],"53":[0,0],"54":[0,0],"55":[0,0],"56":[0,0],"57":[0,0],"58":[0,0],"59":[0,0],"60":[0,0]}}
,"C:\\Users\\ADMIN-PC\\Downloads\\annuairepro-fullstack\\annuaire\\backend\\src\\controllers\\subscriptionController.js": {"path":"C:\\Users\\ADMIN-PC\\Downloads\\annuairepro-fullstack\\annuaire\\backend\\src\\controllers\\subscriptionController.js","statementMap":{"0":{"start":{"line":1,"column":25},"end":{"line":1,"column":50}},"1":{"start":{"line":8,"column":4},"end":{"line":8,"column":41}},"2":{"start":{"line":10,"column":15},"end":{"line":10,"column":33}},"3":{"start":{"line":13,"column":0},"end":{"line":31,"column":2}},"4":{"start":{"line":14,"column":2},"end":{"line":30,"column":3}},"5":{"start":{"line":15,"column":21},"end":{"line":15,"column":29}},"6":{"start":{"line":16,"column":4},"end":{"line":18,"column":5}},"7":{"start":{"line":17,"column":6},"end":{"line":17,"column":62}},"8":{"start":{"line":19,"column":19},"end":{"line":25,"column":6}},"9":{"start":{"line":26,"column":4},"end":{"line":26,"column":21}},"10":{"start":{"line":28,"column":4},"end":{"line":28,"column":56}},"11":{"start":{"line":29,"column":4},"end":{"line":29,"column":49}},"12":{"start":{"line":34,"column":0},"end":{"line":52,"column":2}},"13":{"start":{"line":35,"column":2},"end":{"line":51,"column":3}},"14":{"start":{"line":36,"column":44},"end":{"line":36,"column":52}},"15":{"start":{"line":37,"column":4},"end":{"line":37,"column":100}},"16":{"start":{"line":37,"column":44},"end":{"line":37,"column":100}},"17":{"start":{"line":38,"column":4},"end":{"line":38,"column":91}},"18":{"start":{"line":38,"column":22},"end":{"line":38,"column":91}},"19":{"start":{"line":40,"column":19},"end":{"line":46,"column":6}},"20":{"start":{"line":47,"column":4},"end":{"line":47,"column":21}},"21":{"start":{"line":49,"column":4},"end":{"line":49,"column":61}},"22":{"start":{"line":50,"column":4},"end":{"line":50,"column":49}},"23":{"start":{"line":55,"column":0},"end":{"line":64,"column":2}},"24":{"start":{"line":56,"column":2},"end":{"line":63,"column":3}},"25":{"start":{"line":57,"column":16},"end":{"line":57,"column":47}},"26":{"start":{"line":58,"column":19},"end":{"line":58,"column":59}},"27":{"start":{"line":59,"column":4},"end":{"line":59,"column":21}},"28":{"start":{"line":61,"column":4},"end":{"line":61,"column":55}},"29":{"start":{"line":62,"column":4},"end":{"line":62,"column":49}},"30":{"start":{"line":67,"column":0},"end":{"line":75,"column":2}},"31":{"start":{"line":68,"column":2},"end":{"line":74,"column":3}},"32":{"start":{"line":69,"column":4},"end":{"line":69,"column":41}},"33":{"start":{"line":70,"column":4},"end":{"line":70,"column":33}},"34":{"start":{"line":72,"column":4},"end":{"line":72,"column":56}},"35":{"start":{"line":73,"column":4},"end":{"line":73,"column":49}},"36":{"start":{"line":78,"column":0},"end":{"line":81,"column":2}},"37":{"start":{"line":79,"column":14},"end":{"line":79,"column":86}},"38":{"start":{"line":80,"column":2},"end":{"line":80,"column":16}},"39":{"start":{"line":84,"column":0},"end":{"line":99,"column":2}},"40":{"start":{"line":85,"column":2},"end":{"line":98,"column":3}},"41":{"start":{"line":86,"column":19},"end":{"line":86,"column":67}},"42":{"start":{"line":87,"column":16},"end":{"line":87,"column":88}},"43":{"start":{"line":88,"column":4},"end":{"line":90,"column":5}},"44":{"start":{"line":89,"column":6},"end":{"line":89,"column":98}},"45":{"start":{"line":91,"column":4},"end":{"line":94,"column":7}},"46":{"start":{"line":95,"column":4},"end":{"line":95,"column":32}},"47":{"start":{"line":97,"column":4},"end":{"line":97,"column":49}},"48":{"start":{"line":102,"column":0},"end":{"line":105,"column":2}},"49":{"start":{"line":103,"column":19},"end":{"line":103,"column":53}},"50":{"start":{"line":104,"column":2},"end":{"line":104,"column":21}}},"fnMap":{"0":{"name":"(anonymous_0)","decl":{"start":{"line":13,"column":25},"end":{"line":13,"column":26}},"loc":{"start":{"line":13,"column":45},"end":{"line":31,"column":1}},"line":13},"1":{"name":"(anonymous_1)","decl":{"start":{"line":34,"column":30},"end":{"line":34,"column":31}},"loc":{"start":{"line":34,"column":50},"end":{"line":52,"column":1}},"line":34},"2":{"name":"(anonymous_2)","decl":{"start":{"line":55,"column":24},"end":{"line":55,"column":25}},"loc":{"start":{"line":55,"column":44},"end":{"line":64,"column":1}},"line":55},"3":{"name":"(anonymous_3)","decl":{"start":{"line":67,"column":25},"end":{"line":67,"column":26}},"loc":{"start":{"line":67,"column":45},"end":{"line":75,"column":1}},"line":67},"4":{"name":"(anonymous_4)","decl":{"start":{"line":78,"column":26},"end":{"line":78,"column":27}},"loc":{"start":{"line":78,"column":46},"end":{"line":81,"column":1}},"line":78},"5":{"name":"(anonymous_5)","decl":{"start":{"line":84,"column":29},"end":{"line":84,"column":30}},"loc":{"start":{"line":84,"column":49},"end":{"line":99,"column":1}},"line":84},"6":{"name":"(anonymous_6)","decl":{"start":{"line":102,"column":22},"end":{"line":102,"column":23}},"loc":{"start":{"line":102,"column":42},"end":{"line":105,"column":1}},"line":102}},"branchMap":{"0":{"loc":{"start":{"line":16,"column":4},"end":{"line":18,"column":5}},"type":"if","locations":[{"start":{"line":16,"column":4},"end":{"line":18,"column":5}},{"start":{},"end":{}}],"line":16},"1":{"loc":{"start":{"line":37,"column":4},"end":{"line":37,"column":100}},"type":"if","locations":[{"start":{"line":37,"column":4},"end":{"line":37,"column":100}},{"start":{},"end":{}}],"line":37},"2":{"loc":{"start":{"line":38,"column":4},"end":{"line":38,"column":91}},"type":"if","locations":[{"start":{"line":38,"column":4},"end":{"line":38,"column":91}},{"start":{},"end":{}}],"line":38},"3":{"loc":{"start":{"line":88,"column":4},"end":{"line":90,"column":5}},"type":"if","locations":[{"start":{"line":88,"column":4},"end":{"line":90,"column":5}},{"start":{},"end":{}}],"line":88}},"s":{"0":0,"1":0,"2":0,"3":0,"4":0,"5":0,"6":0,"7":0,"8":0,"9":0,"10":0,"11":0,"12":0,"13":0,"14":0,"15":0,"16":0,"17":0,"18":0,"19":0,"20":0,"21":0,"22":0,"23":0,"24":0,"25":0,"26":0,"27":0,"28":0,"29":0,"30":0,"31":0,"32":0,"33":0,"34":0,"35":0,"36":0,"37":0,"38":0,"39":0,"40":0,"41":0,"42":0,"43":0,"44":0,"45":0,"46":0,"47":0,"48":0,"49":0,"50":0},"f":{"0":0,"1":0,"2":0,"3":0,"4":0,"5":0,"6":0},"b":{"0":[0,0],"1":[0,0],"2":[0,0],"3":[0,0]}}
[...]
"start":{"line":142,"column":6},"end":{"line":142,"column":61}},{"start":{"line":143,"column":6},"end":{"line":143,"column":19}}],"line":141},"14":{"loc":{"start":{"line":145,"column":2},"end":{"line":145,"column":73}},"type":"if","locations":[{"start":{"line":145,"column":2},"end":{"line":145,"column":73}},{"start":{},"end":{}}],"line":145},"15":{"loc":{"start":{"line":170,"column":2},"end":{"line":216,"column":3}},"type":"switch","locations":[{"start":{"line":171,"column":4},"end":{"line":183,"column":5}},{"start":{"line":185,"column":4},"end":{"line":200,"column":5}},{"start":{"line":202,"column":4},"end":{"line":215,"column":5}}],"line":170},"16":{"loc":{"start":{"line":188,"column":6},"end":{"line":198,"column":7}},"type":"if","locations":[{"start":{"line":188,"column":6},"end":{"line":198,"column":7}},{"start":{},"end":{}}],"line":188},"17":{"loc":{"start":{"line":205,"column":6},"end":{"line":213,"column":7}},"type":"if","locations":[{"start":{"line":205,"column":6},"end":{"line":213,"column":7}},{"start":{},"end":{}}],"line":205},"18":{"loc":{"start":{"line":223,"column":2},"end":{"line":223,"column":27}},"type":"if","locations":[{"start":{"line":223,"column":2},"end":{"line":223,"column":27}},{"start":{},"end":{}}],"line":223},"19":{"loc":{"start":{"line":228,"column":2},"end":{"line":228,"column":23}},"type":"if","locations":[{"start":{"line":228,"column":2},"end":{"line":228,"column":23}},{"start":{},"end":{}}],"line":228},"20":{"loc":{"start":{"line":230,"column":2},"end":{"line":235,"column":3}},"type":"if","locations":[{"start":{"line":230,"column":2},"end":{"line":235,"column":3}},{"start":{"line":233,"column":9},"end":{"line":235,"column":3}}],"line":230},"21":{"loc":{"start":{"line":233,"column":9},"end":{"line":235,"column":3}},"type":"if","locations":[{"start":{"line":233,"column":9},"end":{"line":235,"column":3}},{"start":{},"end":{}}],"line":233},"22":{"loc":{"start":{"line":241,"column":2},"end":{"line":275,"column":3}},"type":"if","locations":[{"start":{"line":241,"column":2},"end":{"line":275,"column":3}},{"start":{"line":256,"column":9},"end":{"line":275,"column":3}}],"line":241},"23":{"loc":{"start":{"line":243,"column":68},"end":{"line":243,"column":94}},"type":"binary-expr","locations":[{"start":{"line":243,"column":68},"end":{"line":243,"column":81}},{"start":{"line":243,"column":85},"end":{"line":243,"column":94}}],"line":243},"24":{"loc":{"start":{"line":256,"column":9},"end":{"line":275,"column":3}},"type":"if","locations":[{"start":{"line":256,"column":9},"end":{"line":275,"column":3}},{"start":{},"end":{}}],"line":256},"25":{"loc":{"start":{"line":258,"column":4},"end":{"line":258,"column":25}},"type":"if","locations":[{"start":{"line":258,"column":4},"end":{"line":258,"column":25}},{"start":{},"end":{}}],"line":258},"26":{"loc":{"start":{"line":261,"column":17},"end":{"line":261,"column":36}},"type":"binary-expr","locations":[{"start":{"line":261,"column":17},"end":{"line":261,"column":31}},{"start":{"line":261,"column":35},"end":{"line":261,"column":36}}],"line":261},"27":{"loc":{"start":{"line":272,"column":83},"end":{"line":272,"column":102}},"type":"cond-expr","locations":[{"start":{"line":272,"column":94},"end":{"line":272,"column":97}},{"start":{"line":272,"column":100},"end":{"line":272,"column":102}}],"line":272}},"s":{"0":0,"1":0,"2":0,"3":0,"4":0,"5":0,"6":0,"7":0,"8":0,"9":0,"10":0,"11":0,"12":0,"13":0,"14":0,"15":0,"16":0,"17":0,"18":0,"19":0,"20":0,"21":0,"22":0,"23":0,"24":0,"25":0,"26":0,"27":0,"28":0,"29":0,"30":0,"31":0,"32":0,"33":0,"34":0,"35":0,"36":0,"37":0,"38":0,"39":0,"40":0,"41":0,"42":0,"43":0,"44":0,"45":0,"46":0,"47":0,"48":0,"49":0,"50":0,"51":0,"52":0,"53":0,"54":0,"55":0,"56":0,"57":0,"58":0,"59":0,"60":0,"61":0,"62":0,"63":0,"64":0,"65":0,"66":0,"67":0,"68":0,"69":0,"70":0,"71":0,"72":0,"73":0,"74":0,"75":0,"76":0,"77":0,"78":0,"79":0,"80":0,"81":0,"82":0,"83":0,"84":0,"85":0,"86":0,"87":0,"88":0,"89":0,"90":0,"91":0,"92":0,"93":0,"94":0,"95":0,"96":0,"97":0,"98":0},"f":{"0":0,"1":0,"2":0,"3":0,"4":0,"5":0,"6":0},"b":{"0":[0,0],"1":[0,0],"2":[0,0],"3":[0,0],"4":[0,0],"5":[0,0],"6":[0,0],"7":[0,0],"8":[0,0],"9":[0,0],"10":[0,0],"11":[0,0],"12":[0,0],"13":[0,0],"14":[0,0],"15":[0,0,0],"16":[0,0],"17":[0,0],"18":[0,0],"19":[0,0],"20":[0,0],"21":[0,0],"22":[0,0],"23":[0,0],"24":[0,0],"25":[0,0],"26":[0,0],"27":[0,0]}}
,"C:\\Users\\ADMIN-PC\\Downloads\\annuairepro-fullstack\\annuaire\\backend\\src\\services\\pushService.js": {"path":"C:\\Users\\ADMIN-PC\\Downloads\\annuairepro-fullstack\\annuaire\\backend\\src\\services\\pushService.js","statementMap":{"0":{"start":{"line":1,"column":16},"end":{"line":1,"column":35}},"1":{"start":{"line":2,"column":25},"end":{"line":2,"column":50}},"2":{"start":{"line":3,"column":15},"end":{"line":3,"column":33}},"3":{"start":{"line":6,"column":0},"end":{"line":12,"column":1}},"4":{"start":{"line":7,"column":2},"end":{"line":11,"column":4}},"5":{"start":{"line":17,"column":0},"end":{"line":53,"column":2}},"6":{"start":{"line":18,"column":2},"end":{"line":18,"column":44}},"7":{"start":{"line":18,"column":37},"end":{"line":18,"column":44}},"8":{"start":{"line":20,"column":2},"end":{"line":52,"column":3}},"9":{"start":{"line":21,"column":17},"end":{"line":21,"column":78}},"10":{"start":{"line":22,"column":4},"end":{"line":22,"column":29}},"11":{"start":{"line":22,"column":22},"end":{"line":22,"column":29}},"12":{"start":{"line":24,"column":20},"end":{"line":31,"column":6}},"13":{"start":{"line":33,"column":20},"end":{"line":46,"column":5}},"14":{"start":{"line":35,"column":8},"end":{"line":44,"column":10}},"15":{"start":{"line":40,"column":10},"end":{"line":42,"column":11}},"16":{"start":{"line":41,"column":12},"end":{"line":41,"column":92}},"17":{"start":{"line":43,"column":10},"end":{"line":43,"column":20}},"18":{"start":{"line":48,"column":17},"end":{"line":48,"column":69}},"19":{"start":{"line":48,"column":37},"end":{"line":48,"column":61}},"20":{"start":{"line":49,"column":4},"end":{"line":49,"column":86}},"21":{"start":{"line":51,"column":4},"end":{"line":51,"column":46}},"22":{"start":{"line":58,"column":0},"end":{"line":65,"column":2}},"23":{"start":{"line":59,"column":47},"end":{"line":59,"column":59}},"24":{"start":{"line":60,"column":2},"end":{"line":64,"column":5}},"25":{"start":{"line":70,"column":0},"end":{"line":72,"column":2}},"26":{"start":{"line":71,"column":2},"end":{"line":71,"column":68}},"27":{"start":{"line":74,"column":0},"end":{"line":74,"column":71}},"28":{"start":{"line":74,"column":34},"end":{"line":74,"column":70}}},"fnMap":{"0":{"name":"(anonymous_0)","decl":{"start":{"line":17,"column":25},"end":{"line":17,"column":26}},"loc":{"start":{"line":17,"column":78},"end":{"line":53,"column":1}},"line":17},"1":{"name":"(anonymous_1)","decl":{"start":{"line":34,"column":15},"end":{"line":34,"column":16}},"loc":{"start":{"line":35,"column":8},"end":{"line":44,"column":10}},"line":35},"2":{"name":"(anonymous_2)","decl":{"start":{"line":38,"column":16},"end":{"line":38,"column":17}},"loc":{"start":{"line":38,"column":31},"end":{"line":44,"column":9}},"line":38},"3":{"name":"(anonymous_3)","decl":{"start":{"line":48,"column":32},"end":{"line":48,"column":33}},"loc":{"start":{"line":48,"column":37},"end":{"line":48,"column":61}},"line":48},"4":{"name":"(anonymous_4)","decl":{"start":{"line":58,"column":27},"end":{"line":58,"column":28}},"loc":{"start":{"line":58,"column":70},"end":{"line":65,"column":1}},"line":58},"5":{"name":"(anonymous_5)","decl":{"start":{"line":70,"column":29},"end":{"line":70,"column":30}},"loc":{"start":{"line":70,"column":49},"end":{"line":72,"column":1}},"line":70},"6":{"name":"(anonymous_6)","decl":{"start":{"line":74,"column":28},"end":{"line":74,"column":29}},"loc":{"start":{"line":74,"column":34},"end":{"line":74,"column":70}},"line":74}},"branchMap":{"0":{"loc":{"start":{"line":6,"column":0},"end":{"line":12,"column":1}},"type":"if","locations":[{"start":{"line":6,"column":0},"end":{"line":12,"column":1}},{"start":{},"end":{}}],"line":6},"1":{"loc":{"start":{"line":6,"column":4},"end":{"line":6,"column":65}},"type":"binary-expr","locations":[{"start":{"line":6,"column":4},"end":{"line":6,"column":32}},{"start":{"line":6,"column":36},"end":{"line":6,"column":65}}],"line":6},"2":{"loc":{"start":{"line":8,"column":14},"end":{"line":8,"column":63}},"type":"binary-expr","locations":[{"start":{"line":8,"column":14},"end":{"line":8,"column":37}},{"start":{"line":8,"column":41},"end":{"line":8,"column":63}}],"line":8},"3":{"loc":{"start":{"line":18,"column":2},"end":{"line":18,"column":44}},"type":"if","locations":[{"start":{"line":18,"column":2},"end":{"line":18,"column":44}},{"start":{},"end":{}}],"line":18},"4":{"loc":{"start":{"line":22,"column":4},"end":{"line":22,"column":29}},"type":"if","locations":[{"start":{"line":22,"column":4},"end":{"line":22,"column":29}},{"start":{},"end":{}}],"line":22},"5":{"loc":{"start":{"line":27,"column":12},"end":{"line":27,"column":35}},"type":"binary-expr","locations":[{"start":{"line":27,"column":12},"end":{"line":27,"column":16}},{"start":{"line":27,"column":20},"end":{"line":27,"column":35}}],"line":27},"6":{"loc":{"start":{"line":28,"column":13},"end":{"line":28,"column":37}},"type":"binary-expr","locations":[{"start":{"line":28,"column":13},"end":{"line":28,"column":18}},{"start":{"line":28,"column":22},"end":{"line":28,"column":37}}],"line":28},"7":{"loc":{"start":{"line":29,"column":11},"end":{"line":29,"column":21}},"type":"binary-expr","locations":[{"start":{"line":29,"column":11},"end":{"line":29,"column":14}},{"start":{"line":29,"column":18},"end":{"line":29,"column":21}}],"line":29},"8":{"loc":{"start":{"line":40,"column":10},"end":{"line":42,"column":11}},"type":"if","locations":[{"start":{"line":40,"column":10},"end":{"line":42,"column":11}},{"start":{},"end":{}}],"line":40},"9":{"loc":{"start":{"line":40,"column":14},"end":{"line":40,"column":62}},"type":"binary-expr","locations":[{"start":{"line":40,"column":14},"end":{"line":40,"column":36}},{"start":{"line":40,"column":40},"end":{"line":40,"column":62}}],"line":40},"10":{"loc":{"start":{"line":74,"column":34},"end":{"line":74,"column":70}},"type":"binary-expr","locations":[{"start":{"line":74,"column":34},"end":{"line":74,"column":62}},{"start":{"line":74,"column":66},"end":{"line":74,"column":70}}],"line":74}},"s":{"0":0,"1":0,"2":0,"3":0,"4":0,"5":0,"6":0,"7":0,"8":0,"9":0,"10":0,"11":0,"12":0,"13":0,"14":0,"15":0,"16":0,"17":0,"18":0,"19":0,"20":0,"21":0,"22":0,"23":0,"24":0,"25":0,"26":0,"27":0,"28":0},"f":{"0":0,"1":0,"2":0,"3":0,"4":0,"5":0,"6":0},"b":{"0":[0,0],"1":[0,0],"2":[0,0],"3":[0,0],"4":[0,0],"5":[0,0],"6":[0,0],"7":[0,0],"8":[0,0],"9":[0,0],"10":[0,0]}}
,"C:\\Users\\ADMIN-PC\\Downloads\\annuairepro-fullstack\\annuaire\\backend\\src\\socket\\index.js": {"path":"C:\\Users\\ADMIN-PC\\Downloads\\annuairepro-fullstack\\annuaire\\backend\\src\\socket\\index.js","statementMap":{"0":{"start":{"line":1,"column":25},"end":{"line":1,"column":50}},"1":{"start":{"line":2,"column":31},"end":{"line":2,"column":73}},"2":{"start":{"line":3,"column":15},"end":{"line":3,"column":33}},"3":{"start":{"line":5,"column":10},"end":{"line":5,"column":14}},"4":{"start":{"line":6,"column":0},"end":{"line":6,"column":26}},"5":{"start":{"line":6,"column":22},"end":{"line":6,"column":25}},"6":{"start":{"line":8,"column":0},"end":{"line":132,"column":2}},"7":{"start":{"line":9,"column":2},"end":{"line":9,"column":11}},"8":{"start":{"line":11,"column":2},"end":{"line":131,"column":5}},"9":{"start":{"line":14,"column":4},"end":{"line":20,"column":7}},"10":{"start":{"line":15,"column":6},"end":{"line":15,"column":29}},"11":{"start":{"line":16,"column":6},"end":{"line":16,"column":36}},"12":{"start":{"line":17,"column":6},"end":{"line":17,"column":97}},"13":{"start":{"line":18,"column":6},"end":{"line":18,"column":37}},"14":{"start":{"line":19,"column":6},"end":{"line":19,"column":46}},"15":{"start":{"line":23,"column":4},"end":{"line":26,"column":7}},"16":{"start":{"line":24,"column":21},"end":{"line":24,"column":62}},"17":{"start":{"line":25,"column":6},"end":{"line":25,"column":26}},"18":{"start":{"line":28,"column":4},"end":{"line":50,"column":7}},"19":{"start":{"line":29,"column":6},"end":{"line":49,"column":7}},"20":{"start":{"line":30,"column":24},"end":{"line":33,"column":10}},"21":{"start":{"line":35,"column":23},"end":{"line":35,"column":67}},"22":{"start":{"line":36,"column":8},"end":{"line":36,"column":51}},"23":{"start":{"line":38,"column":27},"end":{"line":38,"column":79}},"24":{"start":{"line":39,"column":8},"end":{"line":46,"column":11}},"25":{"start":{"line":48,"column":8},"end":{"line":48,"column":72}},"26":{"start":{"line":52,"column":4},"end":{"line":63,"column":7}},"27":{"start":{"line":53,"column":6},"end":{"line":62,"column":7}},"28":{"start":{"line":54,"column":8},"end":{"line":57,"column":11}},"29":{"start":{"line":58,"column":23},"end":{"line":58,"column":65}},"30":{"start":{"line":59,"column":8},"end":{"line":59,"column":71}},"31":{"start":{"line":61,"column":8},"end":{"line":61,"column":59}},"32":{"start":{"line":65,"column":4},"end":{"line":67,"column":7}},"33":{"start":{"line":66,"column":6},"end":{"line":66,"column":82}},"34":{"start":{"line":69,"column":4},"end":{"line":71,"column":7}},"35":{"start":{"line":70,"column":6},"end":{"line":70,"column":81}},"36":{"start":{"line":76,"column":4},"end":{"line":85,"column":7}},"37":{"start":{"line":77,"column":23},"end":{"line":77,"column":36}},"38":{"start":{"line":78,"column":6},"end":{"line":78,"column":43}},"39":{"start":{"line":78,"column":36},"end":{"line":78,"column":43}},"40":{"start":{"line":80,"column":6},"end":{"line":84,"column":9}},"41":{"start":{"line":88,"column":4},"end":{"line":93,"column":7}},"42":{"start":{"line":89,"column":6},"end":{"line":92,"column":9}},"43":{"start":{"line":96,"column":4},"end":{"line":101,"column":7}},"44":{"start":{"line":97,"column":6},"end":{"line":100,"column":9}},"45":{"start":{"line":104,"column":4},"end":{"line":108,"column":7}},"46":{"start":{"line":105,"column":6},"end":{"line":107,"column":9}},"47":{"start":{"line":111,"column":4},"end":{"line":115,"column":7}},"48":{"start":{"line":112,"column":6},"end":{"line":114,"column":9}},"49":{"start":{"line":118,"column":4},"end":{"line":122,"column":7}},"50":{"start":{"line":119,"column":6},"end":{"line":121,"column":9}},"51":{"start":{"line":125,"column":4},"end":{"line":130,"column":7}},"52":{"start":{"line":126,"column":6},"end":{"line":129,"column":7}},"53":{"start":{"line":127,"column":8},"end":{"line":127,"column":115}},"54":{"start":{"line":128,"column":8},"end":{"line":128,"column":47}},"55":{"start":{"line":135,"column":0},"end":{"line":137,"column":2}},"56":{"start":{"line":136,"column":2},"end":{"line":136,"column":73}}},"fnMap":{"0":{"name":"(anonymous_0)","decl":{"start":{"line":6,"column":16},"end":{"line":6,"column":17}},"loc":{"start":{"line":6,"column":22},"end":{"line":6,"column":25}},"line":6},"1":{"name":"(anonymous_1)","decl":{"start":{"line":8,"column":21},"end":{"line":8,"column":22}},"loc":{"start":{"line":8,"column":29},"end":{"line":132,"column":1}},"line":8},"2":{"name":"(anonymous_2)","decl":{"start":{"line":11,"column":22},"end":{"line":11,"column":23}},"loc":{"start":{"line":11,"column":34},"end":{"line":131,"column":3}},"line":11},"3":{"name":"(anonymous_3)","decl":{"start":{"line":14,"column":22},"end":{"line":14,"column":23}},"loc":{"start":{"line":14,"column":34},"end":{"line":20,"column":5}},"line":14},"4":{"name":"(anonymous_4)","decl":{"start":{"line":17,"column":87},"end":{"line":17,"column":88}},"loc":{"start":{"line":17,"column":93},"end":{"line":17,"column":95}},"line":17},"5":{"name":"(anonymous_5)","decl":{"start":{"line":23,"column":35},"end":{"line":23,"column":36}},"loc":{"start":{"line":23,"column":48},"end":{"line":26,"column":5}},"line":23},"6":{"name":"(anonymous_6)","decl":{"start":{"line":28,"column":30},"end":{"line":28,"column":31}},"loc":{"start":{"line":28,"column":65},"end":{"line":50,"column":5}},"line":28},"7":{"name":"(anonymous_7)","decl":{"start":{"line":52,"column":31},"end":{"line":52,"column":32}},"loc":{"start":{"line":52,"column":55},"end":{"line":63,"column":5}},"line":52},"8":{"name":"(anonymous_8)","decl":{"start":{"line":65,"column":30},"end":{"line":65,"column":31}},"loc":{"start":{"line":65,"column":50},"end":{"line":67,"column":5}},"line":65},"9":{"name":"(anonymous_9)","decl":{"start":{"line":69,"column":29},"end":{"line":69,"column":30}},"loc":{"start":{"line":69,"column":49},"end":{"line":71,"column":5}},"line":69},"10":{"name":"(anonymous_10)","decl":{"start":{"line":76,"column":28},"end":{"line":76,"column":29}},"loc":{"start":{"line":76,"column":65},"end":{"line":85,"column":5}},"line":76},"11":{"name":"(anonymous_11)","decl":{"start":{"line":88,"column":29},"end":{"line":88,"column":30}},"loc":{"start":{"line":88,"column":55},"end":{"line":93,"column":5}},"line":88},"12":{"name":"(anonymous_12)","decl":{"start":{"line":96,"column":36},"end":{"line":96,"column":37}},"loc":{"start":{"line":96,"column":67},"end":{"line":101,"column":5}},"line":96},"13":{"name":"(anonymous_13)","decl":{"start":{"line":104,"column":29},"end":{"line":104,"column":30}},"loc":{"start":{"line":104,"column":47},"end":{"line":108,"column":5}},"line":104},"14":{"name":"(anonymous_14)","decl":{"start":{"line":111,"column":26},"end":{"line":111,"column":27}},"loc":{"start":{"line":111,"column":46},"end":{"line":115,"column":5}},"line":111},"15":{"name":"(anonymous_15)","decl":{"start":{"line":118,"column":29},"end":{"line":118,"column":30}},"loc":{"start":{"line":118,"column":49},"end":{"line":122,"column":5}},"line":118},"16":{"name":"(anonymous_16)","decl":{"start":{"line":125,"column":28},"end":{"line":125,"column":29}},"loc":{"start":{"line":125,"column":34},"end":{"line":130,"column":5}},"line":125},"17":{"name":"(anonymous_17)","decl":{"start":{"line":127,"column":105},"end":{"line":127,"column":106}},"loc":{"start":{"line":127,"column":111},"end":{"line":127,"column":113}},"line":127},"18":{"name":"(anonymous_18)","decl":{"start":{"line":135,"column":27},"end":{"line":135,"column":28}},"loc":{"start":{"line":135,"column":74},"end":{"line":137,"column":1}},"line":135}},"branchMap":{"0":{"loc":{"start":{"line":38,"column":27},"end":{"line":38,"column":79}},"type":"binary-expr","locations":[{"start":{"line":38,"column":27},"end":{"line":38,"column":63}},{"start":{"line":38,"column":67},"end":{"line":38,"column":79}}],"line":38},"1":{"loc":{"start":{"line":43,"column":16},"end":{"line":43,"column":80}},"type":"cond-expr","locations":[{"start":{"line":43,"column":38},"end":{"line":43,"column":70}},{"start":{"line":43,"column":73},"end":{"line":43,"column":80}}],"line":43},"2":{"loc":{"start":{"line":78,"column":6},"end":{"line":78,"column":43}},"type":"if","locations":[{"start":{"line":78,"column":6},"end":{"line":78,"column":43}},{"start":{},"end":{}}],"line":78},"3":{"loc":{"start":{"line":78,"column":10},"end":{"line":78,"column":34}},"type":"binary-expr","locations":[{"start":{"line":78,"column":10},"end":{"line":78,"column":19}},{"start":{"line":78,"column":23},"end":{"line":78,"column":34}}],"line":78},"4":{"loc":{"start":{"line":126,"column":6},"end":{"line":129,"column":7}},"type":"if","locations":[{"start":{"line":126,"column":6},"end":{"line":129,"column":7}},{"start":{},"end":{}}],"line":126}},"s":{"0":0,"1":0,"2":0,"3":0,"4":0,"5":0,"6":0,"7":0,"8":0,"9":0,"10":0,"11":0,"12":0,"13":0,"14":0,"15":0,"16":0,"17":0,"18":0,"19":0,"20":0,"21":0,"22":0,"23":0,"24":0,"25":0,"26":0,"27":0,"28":0,"29":0,"30":0,"31":0,"32":0,"33":0,"34":0,"35":0,"36":0,"37":0,"38":0,"39":0,"40":0,"41":0,"42":0,"43":0,"44":0,"45":0,"46":0,"47":0,"48":0,"49":0,"50":0,"51":0,"52":0,"53":0,"54":0,"55":0,"56":0},"f":{"0":0,"1":0,"2":0,"3":0,"4":0,"5":0,"6":0,"7":0,"8":0,"9":0,"10":0,"11":0,"12":0,"13":0,"14":0,"15":0,"16":0,"17":0,"18":0},"b":{"0":[0,0],"1":[0,0],"2":[0,0],"3":[0,0],"4":[0,0]}}
}
